01:41:04 **** Incremental Build of configuration Debug for project Apollo_Appli ****
make -j8 all 
arm-none-eabi-gcc "D:/STM32/STM32CubeIDE/Apollo/Appli/Core/Src/main.c" -mcpu=cortex-m55 -std=gnu11 -g3 -DDEBUG -DUSE_HAL_DRIVER -DSTM32N657xx -c -I../../../Appli/Core/Inc -I../../../Secure_nsclib -I../../../Drivers/STM32N6xx_HAL_Driver/Inc -I../../../Drivers/CMSIS/Device/ST/STM32N6xx/Include -I../../../Drivers/STM32N6xx_HAL_Driver/Inc/Legacy -I../../../Drivers/CMSIS/Include -I../../../Drivers/Apollo_Drivers/Semper_Flash_BSP/Inc -I../../../Drivers/Apollo_Drivers/Micron_Flash_BSP/inc -I"D:/STM32/STM32CubeIDE/Apollo/STM32CubeIDE/Appli/Application/User/sensors" -I"D:/STM32/STM32CubeIDE/Apollo/STM32CubeIDE/Appli/Application/User/sensors/imx335" -I"D:/STM32/STM32CubeIDE/Apollo/STM32CubeIDE/Appli/Application/User/sensors/vd55g0" -I"D:/STM32/STM32CubeIDE/Apollo/STM32CubeIDE/Appli/Application/User/sensors/vd55g1" -I"D:/STM32/STM32CubeIDE/Apollo/STM32CubeIDE/Appli/Application/User/sensors/vd6g" -I"D:/STM32/STM32CubeIDE/Apollo/STM32CubeIDE/Appli/Application/User/Third_Party/unity/inc" -I"D:/STM32/STM32CubeIDE/Apollo/STM32CubeIDE/Appli/Application/User/Third_Party/debug_print/inc" -I"D:/STM32/STM32CubeIDE/Apollo/STM32CubeIDE/Appli/Application/User/Test/inc" -I"D:/STM32/STM32CubeIDE/Apollo/STM32CubeIDE/Appli/Application/User/STM32_ISP_Library/evision/Inc" -I"D:/STM32/STM32CubeIDE/Apollo/STM32CubeIDE/Appli/Application/User/STM32_ISP_Library/isp/Inc" -I"D:/STM32/STM32CubeIDE/Apollo/STM32CubeIDE/Appli/Application/User/STM32_ISP_Library/isp_param_conf" -I../../../DSP/Include -I"D:/STM32/STM32CubeIDE/Apollo/STM32CubeIDE/Appli/Application/User/vl53l9" -I"D:/STM32/STM32CubeIDE/Apollo/STM32CubeIDE/Appli/Application/User/app" -I"D:/STM32/STM32CubeIDE/Apollo/STM32CubeIDE/Appli/Application/User/interface/vl53l9" -I"D:/STM32/STM32CubeIDE/Apollo/STM32CubeIDE/Appli/Application/User/lib/media-object/media-c/header-lib/include/public" -I"D:/STM32/STM32CubeIDE/Apollo/STM32CubeIDE/Appli/Application/User/lib/media-object/transform-c/header-lib/include/public" -I"D:/STM32/STM32CubeIDE/Apollo/STM32CubeIDE/Appli/Application/User/lib/vl53l9-utils/include" -I"D:/STM32/STM32CubeIDE/Apollo/STM32CubeIDE/Appli/Application/User/lib/transform/vl53l9-transform-c/vl53l9-transform-c-lib/include/private" -I"D:/STM32/STM32CubeIDE/Apollo/STM32CubeIDE/Appli/Application/User/lib/transform/vl53l9-transform-c/vl53l9-transform-c-lib/include/public" -I"D:/STM32/STM32CubeIDE/Apollo/STM32CubeIDE/Appli/Application/User/BSP/inc" -O0 -ffunction-sections -fdata-sections -Wall -fstack-usage -fcyclomatic-complexity -mcmse -MMD -MP -MF"Application/User/Core/main.d" -MT"Application/User/Core/main.o" --specs=nano.specs -mfpu=fpv5-d16 -mfloat-abi=hard -mthumb -o "Application/User/Core/main.o"
In file included from ../../../Appli/Core/Inc/main.h:46,
                 from D:/STM32/STM32CubeIDE/Apollo/Appli/Core/Src/main.c:20:
D:/STM32/STM32CubeIDE/Apollo/STM32CubeIDE/Appli/Application/User/sensors/vd55g0/vd55g0.h:155:17: warning: "VD55G0_CMD_ACK" redefined
  155 |         #define VD55G0_CMD_ACK                                                  0x00
      |                 ^~~~~~~~~~~~~~
D:/STM32/STM32CubeIDE/Apollo/STM32CubeIDE/Appli/Application/User/sensors/vd55g0/vd55g0.h:150:17: note: this is the location of the previous definition
  150 |         #define VD55G0_CMD_ACK                              0
      |                 ^~~~~~~~~~~~~~
D:/STM32/STM32CubeIDE/Apollo/STM32CubeIDE/Appli/Application/User/sensors/vd55g0/vd55g0.h:162:17: warning: "VD55G0_CMD_ACK" redefined
  162 |         #define VD55G0_CMD_ACK                                                  0
      |                 ^~~~~~~~~~~~~~
D:/STM32/STM32CubeIDE/Apollo/STM32CubeIDE/Appli/Application/User/sensors/vd55g0/vd55g0.h:155:17: note: this is the location of the previous definition
  155 |         #define VD55G0_CMD_ACK                                                  0x00
      |                 ^~~~~~~~~~~~~~
D:/STM32/STM32CubeIDE/Apollo/STM32CubeIDE/Appli/Application/User/sensors/vd55g0/vd55g0.h:215:10: warning: "STREAM_STATICS_DARKCAL_CTRL" redefined
  215 | #define  STREAM_STATICS_DARKCAL_CTRL                                    0x032A
      |          ^~~~~~~~~~~~~~~~~~~~~~~~~~~
D:/STM32/STM32CubeIDE/Apollo/STM32CubeIDE/Appli/Application/User/sensors/vd55g0/vd55g0.h:205:9: note: this is the location of the previous definition
  205 | #define STREAM_STATICS_DARKCAL_CTRL                     0x032C
      |         ^~~~~~~~~~~~~~~~~~~~~~~~~~~
D:/STM32/STM32CubeIDE/Apollo/Appli/Core/Src/main.c: In function 'main':
D:/STM32/STM32CubeIDE/Apollo/Appli/Core/Src/main.c:161:17: warning: unused variable 'a' [-Wunused-variable]
  161 |         uint8_t a = 0;
      |                 ^
D:/STM32/STM32CubeIDE/Apollo/Appli/Core/Src/main.c:156:13: warning: variable 'ret' set but not used [-Wunused-but-set-variable]
  156 |     uint8_t ret = 0;
      |             ^~~
D:/STM32/STM32CubeIDE/Apollo/Appli/Core/Src/main.c:139:14: warning: unused variable 'buffer_ptr' [-Wunused-variable]
  139 |     uint8_t *buffer_ptr = frame_buf;
      |              ^~~~~~~~~~
arm-none-eabi-gcc -o "Apollo_Appli.elf" @"objects.list"  -l:libn6-evision-awb_gcc.a -l:libn6-evision-st-ae_gcc.a -mcpu=cortex-m55 -T"D:\STM32\STM32CubeIDE\Apollo\STM32CubeIDE\Appli\STM32N657B0HXQ_LRUN.ld" --specs=nosys.specs -Wl,-Map="Apollo_Appli.map" -Wl,--gc-sections -static -Wl,--cmse-implib -Wl,--out-implib=./secure_nsclib.o -L"D:\STM32\STM32CubeIDE\Apollo\STM32CubeIDE\Appli\Application\User\STM32_ISP_Library\evision\Lib" --specs=nano.specs -mfpu=fpv5-d16 -mfloat-abi=hard -mthumb -Wl,--start-group -lc -lm -Wl,--end-group
D:/ST/STM32CubeIDE_2.1.1/STM32CubeIDE/plugins/com.st.stm32cube.ide.mcu.externaltools.gnu-tools-for-stm32.14.3.rel1.win32_1.0.100.202602081740/tools/bin/../lib/gcc/arm-none-eabi/14.3.1/../../../../arm-none-eabi/bin/ld.exe: warning: Apollo_Appli.elf has a LOAD segment with RWX permissions
Finished building target: Apollo_Appli.elf
 
arm-none-eabi-size  Apollo_Appli.elf 
arm-none-eabi-objdump -h -S Apollo_Appli.elf  > "Apollo_Appli.list"
arm-none-eabi-objcopy  -O binary Apollo_Appli.elf  "Apollo_Appli.bin"
   text	   data	    bss	    dec	    hex	filename
 125524	    200	 642432	 768156	  bb89c	Apollo_Appli.elf
Finished building: default.size.stdout
 
Finished building: Apollo_Appli.bin
 
Finished building: Apollo_Appli.list
 
cd "D:/STM32/STM32CubeIDE/Apollo/STM32CubeIDE/Appli/Debug"
echo y | "E:\STM32CUBEPROGRAMMER\bin\STM32_SigningTool_CLI.exe" -bin "Apollo_Appli.bin" -nk -of 0x80000000 -t fsbl -o "Apollo_Appli-Trusted.bin" -hv 2.3 -dump "Apollo_Appli-Trusted.bin" -align
      -------------------------------------------------------------------
                          STM32 Signing Tool v2.22.0                   
      -------------------------------------------------------------------

Do you want to replace this file: Apollo_Appli-Trusted.bin ? (y/n)
[Header v2.3] Align the payload to the 0x400 offset by adding padding bytes at the beginning of the payload.
Adding head padding bytes for payload with header v2.3
Header version 2.3 preparation... 
Extracting Entry point value from the input file...
Entry point value : 0x34002fa1
The headred image file generated successfully: Apollo_Appli-Trusted.bin

Header description:

    Magic: 0x53544d32
    Signature: 00 00 00 00 00 00 00 00 00 00 00 00 00 00 00 00 00 00 00 00 00 00 00 00 00 00 00 00 00 00 00 00 
               00 00 00 00 00 00 00 00 00 00 00 00 00 00 00 00 00 00 00 00 00 00 00 00 00 00 00 00 00 00 00 00 
               00 00 00 00 00 00 00 00 00 00 00 00 00 00 00 00 00 00 00 00 00 00 00 00 00 00 00 00 00 00 00 00 
    Checksum: 0xcf6c15
    Header version: 0x20300
    Size: 0x1ece0
    Load address: 0xffffffff
    Entry point: 0x34002fa1
    Image version: 0x0
    Extension: 0x80000000

Pad header detected:
    Type: 0x5354ffff
    Size: 0x1a0
    Padding values: 48 53 24 f3 46 d5 11 e2 c5 70 d7 dc fd b0 79 99 fc 24 34 52 a2 59 a3 9a b3 c7 d6 67 cb 4d d9 

                    33 67 49 0f 98 b6 73 95 74 9d 37 01 40 83 a3 8c 8a c8 aa 48 57 7e 0e 1b e3 11 df f6 a2 cc fd 

                    b4 34 00 c0 7f 0b 5a 90 b2 6c 89 30 a4 b1 7b 59 15 39 1d b6 2d 5d 86 c1 a3 a8 24 f4 7f 74 a4 

                    cc 03 df 58 42 60 f9 6f 08 00 20 9e 6d 42 86 9b ed 18 78 fd c6 82 06 90 89 a2 a3 8f 2f 2b 2a 

                    fb be 26 3f f0 9a 62 b2 01 23 f2 e5 33 00 0c 33 50 cd 0f 17 a9 ab 3c d0 47 e3 97 bb 70 5c 53 

                    ad 33 e7 a9 a0 1e 60 29 93 6d 44 01 1b 49 18 8e 86 fd be f2 df 78 bd 22 8f c4 04 8d 91 83 6c 

                    07 09 c8 56 ca 0e 0c 39 d6 e9 2a c9 6b af 53 f5 5c 99 4f 06 8a 57 c7 7c cb 27 00 43 95 eb e8 

                    ff a8 42 cd 38 9d 98 48 36 d9 d6 0f 08 1b 64 23 66 bf 51 8c 09 a5 6f 3a ce 01 0c 3f 38 56 3b 

                    35 8c bf d1 02 76 71 0a 90 05 77 6e 90 95 67 82 c4 79 fa 91 d9 2b 2f 2e 24 d3 0d 6e b0 b5 4a 

                    22 35 0e da 34 9b 6e 62 44 17 08 69 ed a2 85 56 08 20 61 a2 9a 44 a5 28 24 34 1e 72 8d 2d eb 

                    31 a5 c4 c6 0b 20 84 57 70 22 ec 80 76 2b 87 ce f7 63 79 6a 3c 56 e0 63 77 5d 54 12 e8 cc 1c 

                    1b a4 7f d3 bd ff c3 95 0a 33 42 bf 97 aa 93 5d 22 27 80 d2 68 9f 77 d1 f6 e2 dd 97 24 4d db 

                    fe 37 ef 84 36 e2 1b ab 

Post header 2.3 information :
    Binary type: 0x10
    Non authenticated payload length: 0x0
    Non authenticated payload hash: 0x0


 
01:41:19 **** Incremental Build of configuration Debug for project Apollo_Appli ****
make -j8 all 
arm-none-eabi-size  Apollo_Appli.elf 
   text	   data	    bss	    dec	    hex	filename
 125524	    200	 642432	 768156	  bb89c	Apollo_Appli.elf
Finished building: default.size.stdout
 
cd "D:/STM32/STM32CubeIDE/Apollo/STM32CubeIDE/Appli/Debug"
echo y | "E:\STM32CUBEPROGRAMMER\bin\STM32_SigningTool_CLI.exe" -bin "Apollo_Appli.bin" -nk -of 0x80000000 -t fsbl -o "Apollo_Appli-Trusted.bin" -hv 2.3 -dump "Apollo_Appli-Trusted.bin" -align
      -------------------------------------------------------------------
                          STM32 Signing Tool v2.22.0                   
      -------------------------------------------------------------------

Do you want to replace this file: Apollo_Appli-Trusted.bin ? (y/n)
[Header v2.3] Align the payload to the 0x400 offset by adding padding bytes at the beginning of the payload.
Adding head padding bytes for payload with header v2.3
Header version 2.3 preparation... 
Extracting Entry point value from the input file...
Entry point value : 0x34002fa1
The headred image file generated successfully: Apollo_Appli-Trusted.bin

Header description:

    Magic: 0x53544d32
    Signature: 00 00 00 00 00 00 00 00 00 00 00 00 00 00 00 00 00 00 00 00 00 00 00 00 00 00 00 00 00 00 00 00 
               00 00 00 00 00 00 00 00 00 00 00 00 00 00 00 00 00 00 00 00 00 00 00 00 00 00 00 00 00 00 00 00 
               00 00 00 00 00 00 00 00 00 00 00 00 00 00 00 00 00 00 00 00 00 00 00 00 00 00 00 00 00 00 00 00 
    Checksum: 0xcf6c15
    Header version: 0x20300
    Size: 0x1ece0
    Load address: 0xffffffff
    Entry point: 0x34002fa1
    Image version: 0x0
    Extension: 0x80000000

Pad header detected:
    Type: 0x5354ffff
    Size: 0x1a0
    Padding values: b9 f7 cc c9 70 a1 6b 29 5d 5d b7 56 7a 61 e4 92 dd 55 7a fd 18 e1 8a bb 77 05 ea 00 bd 7f f6 

                    30 59 4e 42 25 c8 1e a1 f1 7f 0b 93 7c 6e bd 86 86 7c 04 5a 69 b9 ff 13 ec 9a d4 ff 6b 2c 2f 

                    cf 5d 69 84 bc 47 93 ca 08 20 48 e0 7e 29 34 b3 02 86 5d 7e 22 ec 1e a7 1e 71 91 23 47 49 87 

                    a2 fb 19 1c 6a 02 5c 47 84 3b 52 47 a2 a6 a8 c9 19 c9 ad 4a ca 77 c6 d0 d0 9d c3 f0 f9 d3 2e 

                    bf 5a 39 17 42 e5 d5 5e 8f aa 34 fd be 92 90 6b e7 e2 a1 39 13 89 50 60 99 bb 8f 48 d8 1c 12 

                    30 c4 09 95 bd 0e 9e e7 5c ec 25 f0 0d fd a3 fd 3b a1 75 eb fd 79 dc ea 1e f5 2f 35 a6 05 d5 

                    8a 11 98 86 8b 3c 51 89 8f 95 2f 7b 3e af 4f 1f 0d 16 ac fc 1c 56 26 4a bf 59 af c0 de dc 2a 

                    12 6b 0d b8 0d 20 42 d3 c4 60 1f 2f ba 65 58 b2 2e 07 9d 54 1e e6 12 36 12 f2 5c 6f 49 50 87 

                    35 88 84 62 91 11 71 cd f9 86 c4 63 fc cc e7 e8 d9 6b 59 6b 5b 4d 5a a0 2c 98 87 40 39 93 a5 

                    97 f8 9a a9 ec 30 01 b5 2e 66 39 46 10 20 a7 5e ca 31 be f8 e5 c2 80 0d 20 01 dd e7 3f f5 c6 

                    74 a4 0f d0 77 f7 06 59 a3 aa 26 00 da ea 34 76 5f 05 16 08 98 21 b9 b7 6b 2f 52 03 fd 2e fc 

                    e8 fe 0a cc b9 c1 02 e3 b6 37 01 4b 3c f9 eb 21 f8 b1 62 64 f2 8f 60 de 4b b0 c8 33 bb c0 3e 

                    07 9e d6 e9 5e 2d 5c 34 

Post header 2.3 information :
    Binary type: 0x10
    Non authenticated payload length: 0x0
    Non authenticated payload hash: 0x0


 
01:54:08 **** Incremental Build of configuration Debug for project Apollo_Appli ****
make -j8 all 
arm-none-eabi-gcc "D:/STM32/STM32CubeIDE/Apollo/Appli/Core/Src/main.c" -mcpu=cortex-m55 -std=gnu11 -g3 -DDEBUG -DUSE_HAL_DRIVER -DSTM32N657xx -c -I../../../Appli/Core/Inc -I../../../Secure_nsclib -I../../../Drivers/STM32N6xx_HAL_Driver/Inc -I../../../Drivers/CMSIS/Device/ST/STM32N6xx/Include -I../../../Drivers/STM32N6xx_HAL_Driver/Inc/Legacy -I../../../Drivers/CMSIS/Include -I../../../Drivers/Apollo_Drivers/Semper_Flash_BSP/Inc -I../../../Drivers/Apollo_Drivers/Micron_Flash_BSP/inc -I"D:/STM32/STM32CubeIDE/Apollo/STM32CubeIDE/Appli/Application/User/sensors" -I"D:/STM32/STM32CubeIDE/Apollo/STM32CubeIDE/Appli/Application/User/sensors/imx335" -I"D:/STM32/STM32CubeIDE/Apollo/STM32CubeIDE/Appli/Application/User/sensors/vd55g0" -I"D:/STM32/STM32CubeIDE/Apollo/STM32CubeIDE/Appli/Application/User/sensors/vd55g1" -I"D:/STM32/STM32CubeIDE/Apollo/STM32CubeIDE/Appli/Application/User/sensors/vd6g" -I"D:/STM32/STM32CubeIDE/Apollo/STM32CubeIDE/Appli/Application/User/Third_Party/unity/inc" -I"D:/STM32/STM32CubeIDE/Apollo/STM32CubeIDE/Appli/Application/User/Third_Party/debug_print/inc" -I"D:/STM32/STM32CubeIDE/Apollo/STM32CubeIDE/Appli/Application/User/Test/inc" -I"D:/STM32/STM32CubeIDE/Apollo/STM32CubeIDE/Appli/Application/User/STM32_ISP_Library/evision/Inc" -I"D:/STM32/STM32CubeIDE/Apollo/STM32CubeIDE/Appli/Application/User/STM32_ISP_Library/isp/Inc" -I"D:/STM32/STM32CubeIDE/Apollo/STM32CubeIDE/Appli/Application/User/STM32_ISP_Library/isp_param_conf" -I../../../DSP/Include -I"D:/STM32/STM32CubeIDE/Apollo/STM32CubeIDE/Appli/Application/User/vl53l9" -I"D:/STM32/STM32CubeIDE/Apollo/STM32CubeIDE/Appli/Application/User/app" -I"D:/STM32/STM32CubeIDE/Apollo/STM32CubeIDE/Appli/Application/User/interface/vl53l9" -I"D:/STM32/STM32CubeIDE/Apollo/STM32CubeIDE/Appli/Application/User/lib/media-object/media-c/header-lib/include/public" -I"D:/STM32/STM32CubeIDE/Apollo/STM32CubeIDE/Appli/Application/User/lib/media-object/transform-c/header-lib/include/public" -I"D:/STM32/STM32CubeIDE/Apollo/STM32CubeIDE/Appli/Application/User/lib/vl53l9-utils/include" -I"D:/STM32/STM32CubeIDE/Apollo/STM32CubeIDE/Appli/Application/User/lib/transform/vl53l9-transform-c/vl53l9-transform-c-lib/include/private" -I"D:/STM32/STM32CubeIDE/Apollo/STM32CubeIDE/Appli/Application/User/lib/transform/vl53l9-transform-c/vl53l9-transform-c-lib/include/public" -I"D:/STM32/STM32CubeIDE/Apollo/STM32CubeIDE/Appli/Application/User/BSP/inc" -O0 -ffunction-sections -fdata-sections -Wall -fstack-usage -fcyclomatic-complexity -mcmse -MMD -MP -MF"Application/User/Core/main.d" -MT"Application/User/Core/main.o" --specs=nano.specs -mfpu=fpv5-d16 -mfloat-abi=hard -mthumb -o "Application/User/Core/main.o"
In file included from ../../../Appli/Core/Inc/main.h:46,
                 from D:/STM32/STM32CubeIDE/Apollo/Appli/Core/Src/main.c:20:
D:/STM32/STM32CubeIDE/Apollo/STM32CubeIDE/Appli/Application/User/sensors/vd55g0/vd55g0.h:155:17: warning: "VD55G0_CMD_ACK" redefined
  155 |         #define VD55G0_CMD_ACK                                                  0x00
      |                 ^~~~~~~~~~~~~~
D:/STM32/STM32CubeIDE/Apollo/STM32CubeIDE/Appli/Application/User/sensors/vd55g0/vd55g0.h:150:17: note: this is the location of the previous definition
  150 |         #define VD55G0_CMD_ACK                              0
      |                 ^~~~~~~~~~~~~~
D:/STM32/STM32CubeIDE/Apollo/STM32CubeIDE/Appli/Application/User/sensors/vd55g0/vd55g0.h:162:17: warning: "VD55G0_CMD_ACK" redefined
  162 |         #define VD55G0_CMD_ACK                                                  0
      |                 ^~~~~~~~~~~~~~
D:/STM32/STM32CubeIDE/Apollo/STM32CubeIDE/Appli/Application/User/sensors/vd55g0/vd55g0.h:155:17: note: this is the location of the previous definition
  155 |         #define VD55G0_CMD_ACK                                                  0x00
      |                 ^~~~~~~~~~~~~~
D:/STM32/STM32CubeIDE/Apollo/STM32CubeIDE/Appli/Application/User/sensors/vd55g0/vd55g0.h:215:10: warning: "STREAM_STATICS_DARKCAL_CTRL" redefined
  215 | #define  STREAM_STATICS_DARKCAL_CTRL                                    0x032A
      |          ^~~~~~~~~~~~~~~~~~~~~~~~~~~
D:/STM32/STM32CubeIDE/Apollo/STM32CubeIDE/Appli/Application/User/sensors/vd55g0/vd55g0.h:205:9: note: this is the location of the previous definition
  205 | #define STREAM_STATICS_DARKCAL_CTRL                     0x032C
      |         ^~~~~~~~~~~~~~~~~~~~~~~~~~~
D:/STM32/STM32CubeIDE/Apollo/Appli/Core/Src/main.c: In function 'main':
D:/STM32/STM32CubeIDE/Apollo/Appli/Core/Src/main.c:119:3: error: implicit declaration of function 'set_risaf_default' [-Wimplicit-function-declaration]
  119 |   set_risaf_default(RISAF3);
      |   ^~~~~~~~~~~~~~~~~
D:/STM32/STM32CubeIDE/Apollo/Appli/Core/Src/main.c:163:17: warning: unused variable 'a' [-Wunused-variable]
  163 |         uint8_t a = 0;
      |                 ^
D:/STM32/STM32CubeIDE/Apollo/Appli/Core/Src/main.c:158:13: warning: variable 'ret' set but not used [-Wunused-but-set-variable]
  158 |     uint8_t ret = 0;
      |             ^~~
D:/STM32/STM32CubeIDE/Apollo/Appli/Core/Src/main.c:141:14: warning: unused variable 'buffer_ptr' [-Wunused-variable]
  141 |     uint8_t *buffer_ptr = frame_buf;
      |              ^~~~~~~~~~
D:/STM32/STM32CubeIDE/Apollo/Appli/Core/Src/main.c: At top level:
D:/STM32/STM32CubeIDE/Apollo/Appli/Core/Src/main.c:275:13: warning: conflicting types for 'set_risaf_default'; have 'void(RISAF_TypeDef *)'
  275 | static void set_risaf_default(RISAF_TypeDef *risaf)
      |             ^~~~~~~~~~~~~~~~~
D:/STM32/STM32CubeIDE/Apollo/Appli/Core/Src/main.c:275:13: error: static declaration of 'set_risaf_default' follows non-static declaration
D:/STM32/STM32CubeIDE/Apollo/Appli/Core/Src/main.c:119:3: note: previous implicit declaration of 'set_risaf_default' with type 'void(RISAF_TypeDef *)'
  119 |   set_risaf_default(RISAF3);
      |   ^~~~~~~~~~~~~~~~~
D:/STM32/STM32CubeIDE/Apollo/Appli/Core/Src/main.c: In function 'set_risaf_default':
D:/STM32/STM32CubeIDE/Apollo/Appli/Core/Src/main.c:280:31: error: implicit declaration of function 'get_risaf_max_addr' [-Wimplicit-function-declaration]
  280 |     risaf_conf.EndAddress   = get_risaf_max_addr(risaf);
      |                               ^~~~~~~~~~~~~~~~~~
D:/STM32/STM32CubeIDE/Apollo/Appli/Core/Src/main.c: At top level:
D:/STM32/STM32CubeIDE/Apollo/Appli/Core/Src/main.c:275:13: warning: 'set_risaf_default' defined but not used [-Wunused-function]
  275 | static void set_risaf_default(RISAF_TypeDef *risaf)
      |             ^~~~~~~~~~~~~~~~~
make[1]: *** [Application/User/Core/subdir.mk:79: Application/User/Core/main.o] Error 1
make: *** [makefile:79: all] Error 2
"make -j8 all" terminated with exit code 2. Build might be incomplete.
01:54:36 **** Incremental Build of configuration Debug for project Apollo_Appli ****
make -j8 all 
arm-none-eabi-gcc "D:/STM32/STM32CubeIDE/Apollo/Appli/Core/Src/main.c" -mcpu=cortex-m55 -std=gnu11 -g3 -DDEBUG -DUSE_HAL_DRIVER -DSTM32N657xx -c -I../../../Appli/Core/Inc -I../../../Secure_nsclib -I../../../Drivers/STM32N6xx_HAL_Driver/Inc -I../../../Drivers/CMSIS/Device/ST/STM32N6xx/Include -I../../../Drivers/STM32N6xx_HAL_Driver/Inc/Legacy -I../../../Drivers/CMSIS/Include -I../../../Drivers/Apollo_Drivers/Semper_Flash_BSP/Inc -I../../../Drivers/Apollo_Drivers/Micron_Flash_BSP/inc -I"D:/STM32/STM32CubeIDE/Apollo/STM32CubeIDE/Appli/Application/User/sensors" -I"D:/STM32/STM32CubeIDE/Apollo/STM32CubeIDE/Appli/Application/User/sensors/imx335" -I"D:/STM32/STM32CubeIDE/Apollo/STM32CubeIDE/Appli/Application/User/sensors/vd55g0" -I"D:/STM32/STM32CubeIDE/Apollo/STM32CubeIDE/Appli/Application/User/sensors/vd55g1" -I"D:/STM32/STM32CubeIDE/Apollo/STM32CubeIDE/Appli/Application/User/sensors/vd6g" -I"D:/STM32/STM32CubeIDE/Apollo/STM32CubeIDE/Appli/Application/User/Third_Party/unity/inc" -I"D:/STM32/STM32CubeIDE/Apollo/STM32CubeIDE/Appli/Application/User/Third_Party/debug_print/inc" -I"D:/STM32/STM32CubeIDE/Apollo/STM32CubeIDE/Appli/Application/User/Test/inc" -I"D:/STM32/STM32CubeIDE/Apollo/STM32CubeIDE/Appli/Application/User/STM32_ISP_Library/evision/Inc" -I"D:/STM32/STM32CubeIDE/Apollo/STM32CubeIDE/Appli/Application/User/STM32_ISP_Library/isp/Inc" -I"D:/STM32/STM32CubeIDE/Apollo/STM32CubeIDE/Appli/Application/User/STM32_ISP_Library/isp_param_conf" -I../../../DSP/Include -I"D:/STM32/STM32CubeIDE/Apollo/STM32CubeIDE/Appli/Application/User/vl53l9" -I"D:/STM32/STM32CubeIDE/Apollo/STM32CubeIDE/Appli/Application/User/app" -I"D:/STM32/STM32CubeIDE/Apollo/STM32CubeIDE/Appli/Application/User/interface/vl53l9" -I"D:/STM32/STM32CubeIDE/Apollo/STM32CubeIDE/Appli/Application/User/lib/media-object/media-c/header-lib/include/public" -I"D:/STM32/STM32CubeIDE/Apollo/STM32CubeIDE/Appli/Application/User/lib/media-object/transform-c/header-lib/include/public" -I"D:/STM32/STM32CubeIDE/Apollo/STM32CubeIDE/Appli/Application/User/lib/vl53l9-utils/include" -I"D:/STM32/STM32CubeIDE/Apollo/STM32CubeIDE/Appli/Application/User/lib/transform/vl53l9-transform-c/vl53l9-transform-c-lib/include/private" -I"D:/STM32/STM32CubeIDE/Apollo/STM32CubeIDE/Appli/Application/User/lib/transform/vl53l9-transform-c/vl53l9-transform-c-lib/include/public" -I"D:/STM32/STM32CubeIDE/Apollo/STM32CubeIDE/Appli/Application/User/BSP/inc" -O0 -ffunction-sections -fdata-sections -Wall -fstack-usage -fcyclomatic-complexity -mcmse -MMD -MP -MF"Application/User/Core/main.d" -MT"Application/User/Core/main.o" --specs=nano.specs -mfpu=fpv5-d16 -mfloat-abi=hard -mthumb -o "Application/User/Core/main.o"
In file included from ../../../Appli/Core/Inc/main.h:46,
                 from D:/STM32/STM32CubeIDE/Apollo/Appli/Core/Src/main.c:20:
D:/STM32/STM32CubeIDE/Apollo/STM32CubeIDE/Appli/Application/User/sensors/vd55g0/vd55g0.h:155:17: warning: "VD55G0_CMD_ACK" redefined
  155 |         #define VD55G0_CMD_ACK                                                  0x00
      |                 ^~~~~~~~~~~~~~
D:/STM32/STM32CubeIDE/Apollo/STM32CubeIDE/Appli/Application/User/sensors/vd55g0/vd55g0.h:150:17: note: this is the location of the previous definition
  150 |         #define VD55G0_CMD_ACK                              0
      |                 ^~~~~~~~~~~~~~
D:/STM32/STM32CubeIDE/Apollo/STM32CubeIDE/Appli/Application/User/sensors/vd55g0/vd55g0.h:162:17: warning: "VD55G0_CMD_ACK" redefined
  162 |         #define VD55G0_CMD_ACK                                                  0
      |                 ^~~~~~~~~~~~~~
D:/STM32/STM32CubeIDE/Apollo/STM32CubeIDE/Appli/Application/User/sensors/vd55g0/vd55g0.h:155:17: note: this is the location of the previous definition
  155 |         #define VD55G0_CMD_ACK                                                  0x00
      |                 ^~~~~~~~~~~~~~
D:/STM32/STM32CubeIDE/Apollo/STM32CubeIDE/Appli/Application/User/sensors/vd55g0/vd55g0.h:215:10: warning: "STREAM_STATICS_DARKCAL_CTRL" redefined
  215 | #define  STREAM_STATICS_DARKCAL_CTRL                                    0x032A
      |          ^~~~~~~~~~~~~~~~~~~~~~~~~~~
D:/STM32/STM32CubeIDE/Apollo/STM32CubeIDE/Appli/Application/User/sensors/vd55g0/vd55g0.h:205:9: note: this is the location of the previous definition
  205 | #define STREAM_STATICS_DARKCAL_CTRL                     0x032C
      |         ^~~~~~~~~~~~~~~~~~~~~~~~~~~
D:/STM32/STM32CubeIDE/Apollo/Appli/Core/Src/main.c: In function 'main':
D:/STM32/STM32CubeIDE/Apollo/Appli/Core/Src/main.c:164:17: warning: unused variable 'a' [-Wunused-variable]
  164 |         uint8_t a = 0;
      |                 ^
D:/STM32/STM32CubeIDE/Apollo/Appli/Core/Src/main.c:159:13: warning: variable 'ret' set but not used [-Wunused-but-set-variable]
  159 |     uint8_t ret = 0;
      |             ^~~
D:/STM32/STM32CubeIDE/Apollo/Appli/Core/Src/main.c:142:14: warning: unused variable 'buffer_ptr' [-Wunused-variable]
  142 |     uint8_t *buffer_ptr = frame_buf;
      |              ^~~~~~~~~~
D:/STM32/STM32CubeIDE/Apollo/Appli/Core/Src/main.c: In function 'set_risaf_default':
D:/STM32/STM32CubeIDE/Apollo/Appli/Core/Src/main.c:281:31: error: implicit declaration of function 'get_risaf_max_addr' [-Wimplicit-function-declaration]
  281 |     risaf_conf.EndAddress   = get_risaf_max_addr(risaf);
      |                               ^~~~~~~~~~~~~~~~~~
make[1]: *** [Application/User/Core/subdir.mk:79: Application/User/Core/main.o] Error 1
make: *** [makefile:79: all] Error 2
"make -j8 all" terminated with exit code 2. Build might be incomplete.
02:06:57 **** Incremental Build of configuration Debug for project Apollo_Appli ****
make -j8 all 
arm-none-eabi-gcc "D:/STM32/STM32CubeIDE/Apollo/Appli/Core/Src/main.c" -mcpu=cortex-m55 -std=gnu11 -g3 -DDEBUG -DUSE_HAL_DRIVER -DSTM32N657xx -c -I../../../Appli/Core/Inc -I../../../Secure_nsclib -I../../../Drivers/STM32N6xx_HAL_Driver/Inc -I../../../Drivers/CMSIS/Device/ST/STM32N6xx/Include -I../../../Drivers/STM32N6xx_HAL_Driver/Inc/Legacy -I../../../Drivers/CMSIS/Include -I../../../Drivers/Apollo_Drivers/Semper_Flash_BSP/Inc -I../../../Drivers/Apollo_Drivers/Micron_Flash_BSP/inc -I"D:/STM32/STM32CubeIDE/Apollo/STM32CubeIDE/Appli/Application/User/sensors" -I"D:/STM32/STM32CubeIDE/Apollo/STM32CubeIDE/Appli/Application/User/sensors/imx335" -I"D:/STM32/STM32CubeIDE/Apollo/STM32CubeIDE/Appli/Application/User/sensors/vd55g0" -I"D:/STM32/STM32CubeIDE/Apollo/STM32CubeIDE/Appli/Application/User/sensors/vd55g1" -I"D:/STM32/STM32CubeIDE/Apollo/STM32CubeIDE/Appli/Application/User/sensors/vd6g" -I"D:/STM32/STM32CubeIDE/Apollo/STM32CubeIDE/Appli/Application/User/Third_Party/unity/inc" -I"D:/STM32/STM32CubeIDE/Apollo/STM32CubeIDE/Appli/Application/User/Third_Party/debug_print/inc" -I"D:/STM32/STM32CubeIDE/Apollo/STM32CubeIDE/Appli/Application/User/Test/inc" -I"D:/STM32/STM32CubeIDE/Apollo/STM32CubeIDE/Appli/Application/User/STM32_ISP_Library/evision/Inc" -I"D:/STM32/STM32CubeIDE/Apollo/STM32CubeIDE/Appli/Application/User/STM32_ISP_Library/isp/Inc" -I"D:/STM32/STM32CubeIDE/Apollo/STM32CubeIDE/Appli/Application/User/STM32_ISP_Library/isp_param_conf" -I../../../DSP/Include -I"D:/STM32/STM32CubeIDE/Apollo/STM32CubeIDE/Appli/Application/User/vl53l9" -I"D:/STM32/STM32CubeIDE/Apollo/STM32CubeIDE/Appli/Application/User/app" -I"D:/STM32/STM32CubeIDE/Apollo/STM32CubeIDE/Appli/Application/User/interface/vl53l9" -I"D:/STM32/STM32CubeIDE/Apollo/STM32CubeIDE/Appli/Application/User/lib/media-object/media-c/header-lib/include/public" -I"D:/STM32/STM32CubeIDE/Apollo/STM32CubeIDE/Appli/Application/User/lib/media-object/transform-c/header-lib/include/public" -I"D:/STM32/STM32CubeIDE/Apollo/STM32CubeIDE/Appli/Application/User/lib/vl53l9-utils/include" -I"D:/STM32/STM32CubeIDE/Apollo/STM32CubeIDE/Appli/Application/User/lib/transform/vl53l9-transform-c/vl53l9-transform-c-lib/include/private" -I"D:/STM32/STM32CubeIDE/Apollo/STM32CubeIDE/Appli/Application/User/lib/transform/vl53l9-transform-c/vl53l9-transform-c-lib/include/public" -I"D:/STM32/STM32CubeIDE/Apollo/STM32CubeIDE/Appli/Application/User/BSP/inc" -O0 -ffunction-sections -fdata-sections -Wall -fstack-usage -fcyclomatic-complexity -mcmse -MMD -MP -MF"Application/User/Core/main.d" -MT"Application/User/Core/main.o" --specs=nano.specs -mfpu=fpv5-d16 -mfloat-abi=hard -mthumb -o "Application/User/Core/main.o"
In file included from ../../../Appli/Core/Inc/main.h:46,
                 from D:/STM32/STM32CubeIDE/Apollo/Appli/Core/Src/main.c:20:
D:/STM32/STM32CubeIDE/Apollo/STM32CubeIDE/Appli/Application/User/sensors/vd55g0/vd55g0.h:155:17: warning: "VD55G0_CMD_ACK" redefined
  155 |         #define VD55G0_CMD_ACK                                                  0x00
      |                 ^~~~~~~~~~~~~~
D:/STM32/STM32CubeIDE/Apollo/STM32CubeIDE/Appli/Application/User/sensors/vd55g0/vd55g0.h:150:17: note: this is the location of the previous definition
  150 |         #define VD55G0_CMD_ACK                              0
      |                 ^~~~~~~~~~~~~~
D:/STM32/STM32CubeIDE/Apollo/STM32CubeIDE/Appli/Application/User/sensors/vd55g0/vd55g0.h:162:17: warning: "VD55G0_CMD_ACK" redefined
  162 |         #define VD55G0_CMD_ACK                                                  0
      |                 ^~~~~~~~~~~~~~
D:/STM32/STM32CubeIDE/Apollo/STM32CubeIDE/Appli/Application/User/sensors/vd55g0/vd55g0.h:155:17: note: this is the location of the previous definition
  155 |         #define VD55G0_CMD_ACK                                                  0x00
      |                 ^~~~~~~~~~~~~~
D:/STM32/STM32CubeIDE/Apollo/STM32CubeIDE/Appli/Application/User/sensors/vd55g0/vd55g0.h:215:10: warning: "STREAM_STATICS_DARKCAL_CTRL" redefined
  215 | #define  STREAM_STATICS_DARKCAL_CTRL                                    0x032A
      |          ^~~~~~~~~~~~~~~~~~~~~~~~~~~
D:/STM32/STM32CubeIDE/Apollo/STM32CubeIDE/Appli/Application/User/sensors/vd55g0/vd55g0.h:205:9: note: this is the location of the previous definition
  205 | #define STREAM_STATICS_DARKCAL_CTRL                     0x032C
      |         ^~~~~~~~~~~~~~~~~~~~~~~~~~~
D:/STM32/STM32CubeIDE/Apollo/Appli/Core/Src/main.c: In function 'main':
D:/STM32/STM32CubeIDE/Apollo/Appli/Core/Src/main.c:164:17: warning: unused variable 'a' [-Wunused-variable]
  164 |         uint8_t a = 0;
      |                 ^
D:/STM32/STM32CubeIDE/Apollo/Appli/Core/Src/main.c:159:13: warning: variable 'ret' set but not used [-Wunused-but-set-variable]
  159 |     uint8_t ret = 0;
      |             ^~~
D:/STM32/STM32CubeIDE/Apollo/Appli/Core/Src/main.c:142:14: warning: unused variable 'buffer_ptr' [-Wunused-variable]
  142 |     uint8_t *buffer_ptr = frame_buf;
      |              ^~~~~~~~~~
arm-none-eabi-gcc -o "Apollo_Appli.elf" @"objects.list"  -l:libn6-evision-awb_gcc.a -l:libn6-evision-st-ae_gcc.a -mcpu=cortex-m55 -T"D:\STM32\STM32CubeIDE\Apollo\STM32CubeIDE\Appli\STM32N657B0HXQ_LRUN.ld" --specs=nosys.specs -Wl,-Map="Apollo_Appli.map" -Wl,--gc-sections -static -Wl,--cmse-implib -Wl,--out-implib=./secure_nsclib.o -L"D:\STM32\STM32CubeIDE\Apollo\STM32CubeIDE\Appli\Application\User\STM32_ISP_Library\evision\Lib" --specs=nano.specs -mfpu=fpv5-d16 -mfloat-abi=hard -mthumb -Wl,--start-group -lc -lm -Wl,--end-group
D:/ST/STM32CubeIDE_2.1.1/STM32CubeIDE/plugins/com.st.stm32cube.ide.mcu.externaltools.gnu-tools-for-stm32.14.3.rel1.win32_1.0.100.202602081740/tools/bin/../lib/gcc/arm-none-eabi/14.3.1/../../../../arm-none-eabi/bin/ld.exe: warning: Apollo_Appli.elf has a LOAD segment with RWX permissions
Finished building target: Apollo_Appli.elf
 
arm-none-eabi-size  Apollo_Appli.elf 
arm-none-eabi-objdump -h -S Apollo_Appli.elf  > "Apollo_Appli.list"
arm-none-eabi-objcopy  -O binary Apollo_Appli.elf  "Apollo_Appli.bin"
   text	   data	    bss	    dec	    hex	filename
 125796	    200	 642432	 768428	  bb9ac	Apollo_Appli.elf
Finished building: default.size.stdout
 
Finished building: Apollo_Appli.bin
 
Finished building: Apollo_Appli.list
 
cd "D:/STM32/STM32CubeIDE/Apollo/STM32CubeIDE/Appli/Debug"
echo y | "E:\STM32CUBEPROGRAMMER\bin\STM32_SigningTool_CLI.exe" -bin "Apollo_Appli.bin" -nk -of 0x80000000 -t fsbl -o "Apollo_Appli-Trusted.bin" -hv 2.3 -dump "Apollo_Appli-Trusted.bin" -align
      -------------------------------------------------------------------
                          STM32 Signing Tool v2.22.0                   
      -------------------------------------------------------------------

Do you want to replace this file: Apollo_Appli-Trusted.bin ? (y/n)
[Header v2.3] Align the payload to the 0x400 offset by adding padding bytes at the beginning of the payload.
Adding head padding bytes for payload with header v2.3
Header version 2.3 preparation... 
Extracting Entry point value from the input file...
Entry point value : 0x34003019
The headred image file generated successfully: Apollo_Appli-Trusted.bin

Header description:

    Magic: 0x53544d32
    Signature: 00 00 00 00 00 00 00 00 00 00 00 00 00 00 00 00 00 00 00 00 00 00 00 00 00 00 00 00 00 00 00 00 
               00 00 00 00 00 00 00 00 00 00 00 00 00 00 00 00 00 00 00 00 00 00 00 00 00 00 00 00 00 00 00 00 
               00 00 00 00 00 00 00 00 00 00 00 00 00 00 00 00 00 00 00 00 00 00 00 00 00 00 00 00 00 00 00 00 
    Checksum: 0xcf79f7
    Header version: 0x20300
    Size: 0x1ee00
    Load address: 0xffffffff
    Entry point: 0x34003019
    Image version: 0x0
    Extension: 0x80000000

Pad header detected:
    Type: 0x5354ffff
    Size: 0x1a0
    Padding values: 27 74 90 c5 70 d0 ce 58 9b 15 1d f5 73 2e b2 38 84 04 a8 f7 55 2d cc ea 0f f7 76 01 df c5 0c 

                    6b ce 16 51 ef 94 1c af 87 8b f0 93 0c 76 ba 4b a1 68 a2 5e 8c f3 cf c8 29 51 53 52 33 38 00 

                    57 1d 6e 0e 7e b4 cb 09 6c 83 b8 bd f8 fd b6 41 10 35 a0 71 8c 28 ef 35 5b 6e e6 c1 00 f9 f0 

                    26 10 18 bc b6 26 bb cd 26 d4 ec 56 9f 3e 35 d0 34 61 68 9d 63 69 5b 7a 3a 67 a3 97 66 56 aa 

                    41 a3 2a 17 33 df 7d f4 21 67 31 73 c6 79 e0 85 7e e8 53 1a 53 ab be 34 89 5d b5 36 64 bb 3d 

                    06 7f 75 f6 81 65 20 f4 94 b2 ee 9e d2 11 58 1f 08 fe 28 a6 19 5c cd 62 44 4a 50 80 a9 47 cf 

                    7e 00 20 40 f5 f1 07 7a 92 f7 c1 04 49 ac 30 70 d9 75 36 9b 7f 98 df d1 65 1e 9a 9c 4e cf f3 

                    55 3f 5f d9 2c db 06 1f ba 9a 88 24 9b cd dc c8 76 cb a7 60 33 ab 83 15 54 ff 68 a4 72 e3 b4 

                    0f 0f bb 8b 64 7d 03 73 c6 58 4b 84 b0 f9 46 88 0e 99 e5 a0 ff 13 2a 0a 38 5a 44 1d 76 9e da 

                    68 29 fc c8 08 db d8 d8 49 88 d2 cd 3d 59 e9 ec 30 c1 0e 4e 58 2e 86 15 8b 6c 90 2f 0c 3c 1e 

                    8f 66 36 3f 10 5e ce 06 5d 14 5c 7c 4a e2 91 ff 29 8b 0b ec 15 ae cf 36 a1 2d f9 15 33 21 3b 

                    86 44 70 44 e6 1b ea 94 f9 20 9f 51 14 a4 15 11 5e 40 f7 ea 47 90 5d ff 87 5b 5f df 0d c9 c6 

                    1d 6c dc a6 f6 d3 92 41 

Post header 2.3 information :
    Binary type: 0x10
    Non authenticated payload length: 0x0
    Non authenticated payload hash: 0x0


 
02:07:28 **** Incremental Build of configuration Debug for project Apollo_Appli ****
make -j8 all 
arm-none-eabi-size  Apollo_Appli.elf 
   text	   data	    bss	    dec	    hex	filename
 125796	    200	 642432	 768428	  bb9ac	Apollo_Appli.elf
Finished building: default.size.stdout
 
cd "D:/STM32/STM32CubeIDE/Apollo/STM32CubeIDE/Appli/Debug"
echo y | "E:\STM32CUBEPROGRAMMER\bin\STM32_SigningTool_CLI.exe" -bin "Apollo_Appli.bin" -nk -of 0x80000000 -t fsbl -o "Apollo_Appli-Trusted.bin" -hv 2.3 -dump "Apollo_Appli-Trusted.bin" -align
      -------------------------------------------------------------------
                          STM32 Signing Tool v2.22.0                   
      -------------------------------------------------------------------

Do you want to replace this file: Apollo_Appli-Trusted.bin ? (y/n)
[Header v2.3] Align the payload to the 0x400 offset by adding padding bytes at the beginning of the payload.
Adding head padding bytes for payload with header v2.3
Header version 2.3 preparation... 
Extracting Entry point value from the input file...
Entry point value : 0x34003019
The headred image file generated successfully: Apollo_Appli-Trusted.bin

Header description:

    Magic: 0x53544d32
    Signature: 00 00 00 00 00 00 00 00 00 00 00 00 00 00 00 00 00 00 00 00 00 00 00 00 00 00 00 00 00 00 00 00 
               00 00 00 00 00 00 00 00 00 00 00 00 00 00 00 00 00 00 00 00 00 00 00 00 00 00 00 00 00 00 00 00 
               00 00 00 00 00 00 00 00 00 00 00 00 00 00 00 00 00 00 00 00 00 00 00 00 00 00 00 00 00 00 00 00 
    Checksum: 0xcf79f7
    Header version: 0x20300
    Size: 0x1ee00
    Load address: 0xffffffff
    Entry point: 0x34003019
    Image version: 0x0
    Extension: 0x80000000

Pad header detected:
    Type: 0x5354ffff
    Size: 0x1a0
    Padding values: fe 4f 4d 14 5b 3a ed d3 33 69 17 e4 6c b9 ce 07 9d b7 bc d3 44 fc fc 11 95 d0 eb c1 bc 95 91 

                    0f d3 f5 7f fc 63 6b 64 e4 9f ed be 91 ff e2 f3 70 32 e8 7b 20 ab 40 af b8 df 32 5e 98 1e 77 

                    f5 dd d9 95 02 5c 1f 44 9b 1c c9 90 48 bd 7b ad 03 89 f0 25 8c bc b1 29 90 d5 4b d8 c7 41 6e 

                    39 80 83 6b 9d 82 d3 45 de 97 5d 12 b4 e4 cd 6d ae 95 6e 0e ac 13 56 19 6b 8d 27 b9 2d 04 dc 

                    61 34 6d c4 cd 13 02 9f 20 64 c7 bd f3 7f 8f a4 57 70 b1 cc a6 a6 4a 5e 64 a3 7f db cf c6 75 

                    b8 38 c1 d3 86 1a 16 f1 88 ad fb 82 79 58 35 2b f6 88 7e 49 af f3 53 9b 38 b4 6a f6 5f 47 b5 

                    d1 7f c2 fb 6b 2f a8 a9 d3 e3 ae 08 5b e4 21 5b 31 58 7f b2 de 1a 11 ae 4d 67 aa f1 5b 90 12 

                    49 a2 a3 dd d5 75 10 37 98 5d 41 2e a2 0c 30 d7 58 e3 62 84 48 1f 9d 7f 8e b9 25 37 e1 d5 5b 

                    92 4e 34 83 ef 4f e9 c9 bb 00 de 0d 8b 0a c0 bb 6b a2 ef 2f 36 bf 41 ad 67 7f 53 e9 b9 12 11 

                    00 60 73 dc f9 07 da 1b 5a 9f ed e4 0a ad 25 5f f8 59 7d 64 8e f8 b8 ff 31 58 bc f2 64 87 51 

                    7c 88 82 37 fc e3 51 cf 6b 27 1d 09 d0 ae 3c 28 ad 82 ea ec 71 cf 50 dd 32 00 b3 71 ff 86 b2 

                    83 4f a1 ce aa 6b a1 ef 8f c0 d0 89 dc 6e a5 f4 7e 24 60 40 f7 39 d5 4a 12 70 0a 15 2d fd 54 

                    96 10 e0 ad 4e 5e d4 2d 

Post header 2.3 information :
    Binary type: 0x10
    Non authenticated payload length: 0x0
    Non authenticated payload hash: 0x0


 
02:08:47 **** Incremental Build of configuration Debug for project Apollo_Appli ****
make -j8 all 
arm-none-eabi-gcc "D:/STM32/STM32CubeIDE/Apollo/Appli/Core/Src/main.c" -mcpu=cortex-m55 -std=gnu11 -g3 -DDEBUG -DUSE_HAL_DRIVER -DSTM32N657xx -c -I../../../Appli/Core/Inc -I../../../Secure_nsclib -I../../../Drivers/STM32N6xx_HAL_Driver/Inc -I../../../Drivers/CMSIS/Device/ST/STM32N6xx/Include -I../../../Drivers/STM32N6xx_HAL_Driver/Inc/Legacy -I../../../Drivers/CMSIS/Include -I../../../Drivers/Apollo_Drivers/Semper_Flash_BSP/Inc -I../../../Drivers/Apollo_Drivers/Micron_Flash_BSP/inc -I"D:/STM32/STM32CubeIDE/Apollo/STM32CubeIDE/Appli/Application/User/sensors" -I"D:/STM32/STM32CubeIDE/Apollo/STM32CubeIDE/Appli/Application/User/sensors/imx335" -I"D:/STM32/STM32CubeIDE/Apollo/STM32CubeIDE/Appli/Application/User/sensors/vd55g0" -I"D:/STM32/STM32CubeIDE/Apollo/STM32CubeIDE/Appli/Application/User/sensors/vd55g1" -I"D:/STM32/STM32CubeIDE/Apollo/STM32CubeIDE/Appli/Application/User/sensors/vd6g" -I"D:/STM32/STM32CubeIDE/Apollo/STM32CubeIDE/Appli/Application/User/Third_Party/unity/inc" -I"D:/STM32/STM32CubeIDE/Apollo/STM32CubeIDE/Appli/Application/User/Third_Party/debug_print/inc" -I"D:/STM32/STM32CubeIDE/Apollo/STM32CubeIDE/Appli/Application/User/Test/inc" -I"D:/STM32/STM32CubeIDE/Apollo/STM32CubeIDE/Appli/Application/User/STM32_ISP_Library/evision/Inc" -I"D:/STM32/STM32CubeIDE/Apollo/STM32CubeIDE/Appli/Application/User/STM32_ISP_Library/isp/Inc" -I"D:/STM32/STM32CubeIDE/Apollo/STM32CubeIDE/Appli/Application/User/STM32_ISP_Library/isp_param_conf" -I../../../DSP/Include -I"D:/STM32/STM32CubeIDE/Apollo/STM32CubeIDE/Appli/Application/User/vl53l9" -I"D:/STM32/STM32CubeIDE/Apollo/STM32CubeIDE/Appli/Application/User/app" -I"D:/STM32/STM32CubeIDE/Apollo/STM32CubeIDE/Appli/Application/User/interface/vl53l9" -I"D:/STM32/STM32CubeIDE/Apollo/STM32CubeIDE/Appli/Application/User/lib/media-object/media-c/header-lib/include/public" -I"D:/STM32/STM32CubeIDE/Apollo/STM32CubeIDE/Appli/Application/User/lib/media-object/transform-c/header-lib/include/public" -I"D:/STM32/STM32CubeIDE/Apollo/STM32CubeIDE/Appli/Application/User/lib/vl53l9-utils/include" -I"D:/STM32/STM32CubeIDE/Apollo/STM32CubeIDE/Appli/Application/User/lib/transform/vl53l9-transform-c/vl53l9-transform-c-lib/include/private" -I"D:/STM32/STM32CubeIDE/Apollo/STM32CubeIDE/Appli/Application/User/lib/transform/vl53l9-transform-c/vl53l9-transform-c-lib/include/public" -I"D:/STM32/STM32CubeIDE/Apollo/STM32CubeIDE/Appli/Application/User/BSP/inc" -O0 -ffunction-sections -fdata-sections -Wall -fstack-usage -fcyclomatic-complexity -mcmse -MMD -MP -MF"Application/User/Core/main.d" -MT"Application/User/Core/main.o" --specs=nano.specs -mfpu=fpv5-d16 -mfloat-abi=hard -mthumb -o "Application/User/Core/main.o"
In file included from ../../../Appli/Core/Inc/main.h:46,
                 from D:/STM32/STM32CubeIDE/Apollo/Appli/Core/Src/main.c:20:
D:/STM32/STM32CubeIDE/Apollo/STM32CubeIDE/Appli/Application/User/sensors/vd55g0/vd55g0.h:155:17: warning: "VD55G0_CMD_ACK" redefined
  155 |         #define VD55G0_CMD_ACK                                                  0x00
      |                 ^~~~~~~~~~~~~~
D:/STM32/STM32CubeIDE/Apollo/STM32CubeIDE/Appli/Application/User/sensors/vd55g0/vd55g0.h:150:17: note: this is the location of the previous definition
  150 |         #define VD55G0_CMD_ACK                              0
      |                 ^~~~~~~~~~~~~~
D:/STM32/STM32CubeIDE/Apollo/STM32CubeIDE/Appli/Application/User/sensors/vd55g0/vd55g0.h:162:17: warning: "VD55G0_CMD_ACK" redefined
  162 |         #define VD55G0_CMD_ACK                                                  0
      |                 ^~~~~~~~~~~~~~
D:/STM32/STM32CubeIDE/Apollo/STM32CubeIDE/Appli/Application/User/sensors/vd55g0/vd55g0.h:155:17: note: this is the location of the previous definition
  155 |         #define VD55G0_CMD_ACK                                                  0x00
      |                 ^~~~~~~~~~~~~~
D:/STM32/STM32CubeIDE/Apollo/STM32CubeIDE/Appli/Application/User/sensors/vd55g0/vd55g0.h:215:10: warning: "STREAM_STATICS_DARKCAL_CTRL" redefined
  215 | #define  STREAM_STATICS_DARKCAL_CTRL                                    0x032A
      |          ^~~~~~~~~~~~~~~~~~~~~~~~~~~
D:/STM32/STM32CubeIDE/Apollo/STM32CubeIDE/Appli/Application/User/sensors/vd55g0/vd55g0.h:205:9: note: this is the location of the previous definition
  205 | #define STREAM_STATICS_DARKCAL_CTRL                     0x032C
      |         ^~~~~~~~~~~~~~~~~~~~~~~~~~~
D:/STM32/STM32CubeIDE/Apollo/Appli/Core/Src/main.c: In function 'main':
D:/STM32/STM32CubeIDE/Apollo/Appli/Core/Src/main.c:164:17: warning: unused variable 'a' [-Wunused-variable]
  164 |         uint8_t a = 0;
      |                 ^
D:/STM32/STM32CubeIDE/Apollo/Appli/Core/Src/main.c:159:13: warning: variable 'ret' set but not used [-Wunused-but-set-variable]
  159 |     uint8_t ret = 0;
      |             ^~~
D:/STM32/STM32CubeIDE/Apollo/Appli/Core/Src/main.c:142:14: warning: unused variable 'buffer_ptr' [-Wunused-variable]
  142 |     uint8_t *buffer_ptr = frame_buf;
      |              ^~~~~~~~~~
arm-none-eabi-gcc -o "Apollo_Appli.elf" @"objects.list"  -l:libn6-evision-awb_gcc.a -l:libn6-evision-st-ae_gcc.a -mcpu=cortex-m55 -T"D:\STM32\STM32CubeIDE\Apollo\STM32CubeIDE\Appli\STM32N657B0HXQ_LRUN.ld" --specs=nosys.specs -Wl,-Map="Apollo_Appli.map" -Wl,--gc-sections -static -Wl,--cmse-implib -Wl,--out-implib=./secure_nsclib.o -L"D:\STM32\STM32CubeIDE\Apollo\STM32CubeIDE\Appli\Application\User\STM32_ISP_Library\evision\Lib" --specs=nano.specs -mfpu=fpv5-d16 -mfloat-abi=hard -mthumb -Wl,--start-group -lc -lm -Wl,--end-group
D:/ST/STM32CubeIDE_2.1.1/STM32CubeIDE/plugins/com.st.stm32cube.ide.mcu.externaltools.gnu-tools-for-stm32.14.3.rel1.win32_1.0.100.202602081740/tools/bin/../lib/gcc/arm-none-eabi/14.3.1/../../../../arm-none-eabi/bin/ld.exe: warning: Apollo_Appli.elf has a LOAD segment with RWX permissions
Finished building target: Apollo_Appli.elf
 
arm-none-eabi-size  Apollo_Appli.elf 
arm-none-eabi-objdump -h -S Apollo_Appli.elf  > "Apollo_Appli.list"
arm-none-eabi-objcopy  -O binary Apollo_Appli.elf  "Apollo_Appli.bin"
   text	   data	    bss	    dec	    hex	filename
 125780	    200	 642432	 768412	  bb99c	Apollo_Appli.elf
Finished building: default.size.stdout
 
Finished building: Apollo_Appli.bin
 
Finished building: Apollo_Appli.list
 
cd "D:/STM32/STM32CubeIDE/Apollo/STM32CubeIDE/Appli/Debug"
echo y | "E:\STM32CUBEPROGRAMMER\bin\STM32_SigningTool_CLI.exe" -bin "Apollo_Appli.bin" -nk -of 0x80000000 -t fsbl -o "Apollo_Appli-Trusted.bin" -hv 2.3 -dump "Apollo_Appli-Trusted.bin" -align
      -------------------------------------------------------------------
                          STM32 Signing Tool v2.22.0                   
      -------------------------------------------------------------------

Do you want to replace this file: Apollo_Appli-Trusted.bin ? (y/n)
[Header v2.3] Align the payload to the 0x400 offset by adding padding bytes at the beginning of the payload.
Adding head padding bytes for payload with header v2.3
Header version 2.3 preparation... 
Extracting Entry point value from the input file...
Entry point value : 0x3400300d
The headred image file generated successfully: Apollo_Appli-Trusted.bin

Header description:

    Magic: 0x53544d32
    Signature: 00 00 00 00 00 00 00 00 00 00 00 00 00 00 00 00 00 00 00 00 00 00 00 00 00 00 00 00 00 00 00 00 
               00 00 00 00 00 00 00 00 00 00 00 00 00 00 00 00 00 00 00 00 00 00 00 00 00 00 00 00 00 00 00 00 
               00 00 00 00 00 00 00 00 00 00 00 00 00 00 00 00 00 00 00 00 00 00 00 00 00 00 00 00 00 00 00 00 
    Checksum: 0xcf720a
    Header version: 0x20300
    Size: 0x1ede0
    Load address: 0xffffffff
    Entry point: 0x3400300d
    Image version: 0x0
    Extension: 0x80000000

Pad header detected:
    Type: 0x5354ffff
    Size: 0x1a0
    Padding values: aa 7c 36 72 e3 25 94 87 6a b6 2d bb 57 eb 8e 09 9c ba a3 60 21 1d 05 c1 43 ec 23 87 b5 73 ff 

                    03 f6 7a e9 28 b7 74 be 0d a1 33 fe 6b ca 50 1a 8f 0c 13 1e 99 3c 55 2c 6b e8 4a a4 f8 c4 6c 

                    b0 19 3e 97 c3 5e a9 a6 42 e0 73 e8 f3 16 bd 85 fb 7c 2c f0 c1 36 d4 27 88 0d 79 76 b8 10 a4 

                    25 9e 94 3a b3 e4 b0 66 6b cf b2 6e 6c 62 59 0c 12 aa 30 9f a0 32 5a 48 a8 9e 44 03 c0 f0 31 

                    f1 2a cd ed 36 42 a5 da 6e b5 12 43 f8 9c 9c 2d 32 03 d4 cd 60 b0 49 23 23 4b b9 a3 b0 87 fa 

                    b3 36 3b 54 ac d8 cb 17 4b 23 9c be 73 07 ae 4e a3 d8 f9 a3 b4 da 47 0d d1 85 64 c4 3f 74 85 

                    5d e4 ab 59 68 97 6a 41 3b c1 3b 9a 4b 9b 5a 58 89 67 9d 50 ae a2 4f 53 22 c8 1b 49 36 0b 01 

                    a2 d8 a7 6f 7a 4d 80 f8 6d d2 13 cd e3 0f 7c 27 e7 77 05 fe c7 0d b1 df fc 78 ef ec f7 4a 41 

                    a6 e4 73 20 d6 d0 a5 f6 88 26 22 02 de bc 61 34 39 9b 3e 56 42 6f bb 06 8f 36 ec bd 6e f0 4d 

                    76 c5 18 a0 87 78 37 9c 02 86 0f 8d dd 29 9d 20 29 54 2c fc 3a cb db 35 0b a8 5c d7 7d 8a cb 

                    1d 6b 0d 6c 6f b6 8d bc 50 c0 83 d7 0b ed 3f 64 36 02 3e e2 99 3b 10 6f 12 18 2e f3 28 b7 83 

                    09 55 45 f7 b6 de a4 33 e7 91 ef 6d 97 2c d4 68 50 cb 6f 8b 92 c7 bc d9 1e 9c 76 72 64 0d a4 

                    64 44 e2 97 eb 31 95 62 

Post header 2.3 information :
    Binary type: 0x10
    Non authenticated payload length: 0x0
    Non authenticated payload hash: 0x0


 
02:09:33 **** Incremental Build of configuration Debug for project Apollo_Appli ****
make -j8 all 
arm-none-eabi-size  Apollo_Appli.elf 
   text	   data	    bss	    dec	    hex	filename
 125780	    200	 642432	 768412	  bb99c	Apollo_Appli.elf
Finished building: default.size.stdout
 
cd "D:/STM32/STM32CubeIDE/Apollo/STM32CubeIDE/Appli/Debug"
echo y | "E:\STM32CUBEPROGRAMMER\bin\STM32_SigningTool_CLI.exe" -bin "Apollo_Appli.bin" -nk -of 0x80000000 -t fsbl -o "Apollo_Appli-Trusted.bin" -hv 2.3 -dump "Apollo_Appli-Trusted.bin" -align
      -------------------------------------------------------------------
                          STM32 Signing Tool v2.22.0                   
      -------------------------------------------------------------------

Do you want to replace this file: Apollo_Appli-Trusted.bin ? (y/n)
[Header v2.3] Align the payload to the 0x400 offset by adding padding bytes at the beginning of the payload.
Adding head padding bytes for payload with header v2.3
Header version 2.3 preparation... 
Extracting Entry point value from the input file...
Entry point value : 0x3400300d
The headred image file generated successfully: Apollo_Appli-Trusted.bin

Header description:

    Magic: 0x53544d32
    Signature: 00 00 00 00 00 00 00 00 00 00 00 00 00 00 00 00 00 00 00 00 00 00 00 00 00 00 00 00 00 00 00 00 
               00 00 00 00 00 00 00 00 00 00 00 00 00 00 00 00 00 00 00 00 00 00 00 00 00 00 00 00 00 00 00 00 
               00 00 00 00 00 00 00 00 00 00 00 00 00 00 00 00 00 00 00 00 00 00 00 00 00 00 00 00 00 00 00 00 
    Checksum: 0xcf720a
    Header version: 0x20300
    Size: 0x1ede0
    Load address: 0xffffffff
    Entry point: 0x3400300d
    Image version: 0x0
    Extension: 0x80000000

Pad header detected:
    Type: 0x5354ffff
    Size: 0x1a0
    Padding values: ca 64 08 5c ba 2c 70 70 a1 0a 9c f8 12 95 32 51 e9 c8 b1 6d f8 ab d1 38 31 12 7b b8 cd 43 72 

                    44 da e0 75 e3 28 b7 f8 0c 21 96 82 20 64 a5 95 a5 bb 7e d1 8c 21 04 b3 14 73 e4 5b 39 8c 45 

                    49 56 9c 33 69 72 00 6e 4b 42 c8 d2 47 db 34 39 46 66 2b 71 56 c5 bb 9c 33 f8 57 98 58 74 8b 

                    c8 2b 36 36 c7 ab 4c 72 b7 6a 29 a2 87 2c 5c 91 e5 54 a2 c9 ad f0 ad 03 43 4e ee 8d d8 3a 41 

                    58 7a 5f 35 c6 2b 00 6e f1 5f ac 8b 9e 59 f9 83 eb b3 c3 5a 74 46 19 ac 1d bd 73 3a ea c9 93 

                    36 c4 de b5 c7 8d ba dc f2 f4 92 80 d8 69 d3 f4 0d dc 9f 32 db f6 04 0a 1b 52 92 84 7b 0e 13 

                    87 ae ca 13 70 8a 54 e4 d7 53 02 e0 b8 25 26 95 fc 2b ad fc 22 2b 7a 30 81 73 09 3f b2 be 30 

                    0c 48 d1 40 be fc 2e 32 ed 57 11 42 40 77 47 5c 86 75 1f 81 20 a9 2e 02 f2 6f db 4f da 50 a1 

                    0e 47 4a af df 09 4e a8 86 6c ae 8a bb 26 2e 4e 5c 9c b9 57 8b 25 09 4d e9 67 3a de 16 aa 2d 

                    82 16 6c a7 e7 fb 16 b0 e8 2f 42 d5 c7 a5 4b 7f f0 17 6b ee d9 f8 c7 3b 53 07 08 5e 43 ea fb 

                    86 1b a0 d3 c3 96 63 0a 18 e6 bf e4 34 6e a6 c8 2a 15 c0 72 8e dd 40 75 70 90 f6 fd b3 f6 34 

                    1d 96 37 1b 9e 62 31 58 e8 44 71 d4 7f c6 8d 0c c5 95 c4 0d 5c 98 83 3c 8b ae f4 16 60 81 d2 

                    91 d6 88 f2 c9 b0 c1 71 

Post header 2.3 information :
    Binary type: 0x10
    Non authenticated payload length: 0x0
    Non authenticated payload hash: 0x0


 
02:09:53 **** Incremental Build of configuration Debug for project Apollo_Appli ****
make -j8 all 
arm-none-eabi-size  Apollo_Appli.elf 
   text	   data	    bss	    dec	    hex	filename
 125780	    200	 642432	 768412	  bb99c	Apollo_Appli.elf
Finished building: default.size.stdout
 
cd "D:/STM32/STM32CubeIDE/Apollo/STM32CubeIDE/Appli/Debug"
echo y | "E:\STM32CUBEPROGRAMMER\bin\STM32_SigningTool_CLI.exe" -bin "Apollo_Appli.bin" -nk -of 0x80000000 -t fsbl -o "Apollo_Appli-Trusted.bin" -hv 2.3 -dump "Apollo_Appli-Trusted.bin" -align
      -------------------------------------------------------------------
                          STM32 Signing Tool v2.22.0                   
      -------------------------------------------------------------------

Do you want to replace this file: Apollo_Appli-Trusted.bin ? (y/n)
[Header v2.3] Align the payload to the 0x400 offset by adding padding bytes at the beginning of the payload.
Adding head padding bytes for payload with header v2.3
Header version 2.3 preparation... 
Extracting Entry point value from the input file...
Entry point value : 0x3400300d
The headred image file generated successfully: Apollo_Appli-Trusted.bin

Header description:

    Magic: 0x53544d32
    Signature: 00 00 00 00 00 00 00 00 00 00 00 00 00 00 00 00 00 00 00 00 00 00 00 00 00 00 00 00 00 00 00 00 
               00 00 00 00 00 00 00 00 00 00 00 00 00 00 00 00 00 00 00 00 00 00 00 00 00 00 00 00 00 00 00 00 
               00 00 00 00 00 00 00 00 00 00 00 00 00 00 00 00 00 00 00 00 00 00 00 00 00 00 00 00 00 00 00 00 
    Checksum: 0xcf720a
    Header version: 0x20300
    Size: 0x1ede0
    Load address: 0xffffffff
    Entry point: 0x3400300d
    Image version: 0x0
    Extension: 0x80000000

Pad header detected:
    Type: 0x5354ffff
    Size: 0x1a0
    Padding values: 71 38 de 4a bd 24 be b2 d0 1b c9 f9 15 a8 79 17 59 b0 c0 56 20 ff 43 fa dc 43 b8 a5 7f 39 ee 

                    86 e7 b0 40 9c 83 0c bb 33 0d 90 29 e9 77 47 78 bd d9 59 33 ff b7 91 f1 12 59 38 b0 29 3d 2b 

                    17 6d 5d ec 5f 6e 7d 9d b6 d4 f7 49 ee 0a 0e a9 22 9a 0b d4 2b d1 97 83 39 f7 df 07 07 d0 65 

                    24 35 d3 51 65 8c b0 2b ea 97 38 0e 1c 61 14 cb 8f 37 54 f3 23 5f 2b f3 86 61 db d3 41 02 96 

                    a9 d9 2d 18 f0 25 6e b4 c6 fb c4 59 dc 52 0e d7 f2 ae 72 82 31 6f 98 46 0e 1a 2d d2 c8 ae 71 

                    71 8a 3e 61 de 2f bd 4b 4a d7 9b ea 91 3b 52 41 e5 29 ee c6 92 7c ac 61 00 68 42 87 38 eb 7f 

                    36 fc ec 7c 8c c5 7f 0f 59 8c 68 60 ea 44 94 74 25 89 71 b7 a7 8b 2f 77 19 b8 84 61 16 be 1a 

                    ac f5 bd 16 a5 80 fa 63 c2 ad 15 bd 66 60 fc d5 fc 35 09 cf b1 9e a5 5f 3b fd ef 54 42 10 4f 

                    85 56 38 22 3e 14 d1 67 51 fa e1 be e2 c8 e2 54 fb a0 27 59 59 4b 0e 37 51 00 14 79 12 f5 a3 

                    b9 37 13 c5 49 12 39 08 4b 88 89 23 be 61 cd 61 7e 28 9a bc 4d e3 37 73 a0 8b 6a 6c 0f c8 04 

                    89 de 8e 70 15 41 d0 d5 12 0e fc 28 22 a4 b8 95 a1 26 90 bd 54 ee e5 b5 88 19 75 d4 f0 91 cf 

                    3b 24 09 18 4b 01 05 64 79 d1 0a 52 a3 61 2b 07 97 f2 19 00 c0 c9 47 7c 56 ac 5f 03 49 43 6c 

                    21 0c 4f ae 55 07 fb db 

Post header 2.3 information :
    Binary type: 0x10
    Non authenticated payload length: 0x0
    Non authenticated payload hash: 0x0


 
02:12:30 **** Incremental Build of configuration Debug for project Apollo_Appli ****
make -j8 all 
arm-none-eabi-gcc "D:/STM32/STM32CubeIDE/Apollo/Appli/Core/Src/main.c" -mcpu=cortex-m55 -std=gnu11 -g3 -DDEBUG -DUSE_HAL_DRIVER -DSTM32N657xx -c -I../../../Appli/Core/Inc -I../../../Secure_nsclib -I../../../Drivers/STM32N6xx_HAL_Driver/Inc -I../../../Drivers/CMSIS/Device/ST/STM32N6xx/Include -I../../../Drivers/STM32N6xx_HAL_Driver/Inc/Legacy -I../../../Drivers/CMSIS/Include -I../../../Drivers/Apollo_Drivers/Semper_Flash_BSP/Inc -I../../../Drivers/Apollo_Drivers/Micron_Flash_BSP/inc -I"D:/STM32/STM32CubeIDE/Apollo/STM32CubeIDE/Appli/Application/User/sensors" -I"D:/STM32/STM32CubeIDE/Apollo/STM32CubeIDE/Appli/Application/User/sensors/imx335" -I"D:/STM32/STM32CubeIDE/Apollo/STM32CubeIDE/Appli/Application/User/sensors/vd55g0" -I"D:/STM32/STM32CubeIDE/Apollo/STM32CubeIDE/Appli/Application/User/sensors/vd55g1" -I"D:/STM32/STM32CubeIDE/Apollo/STM32CubeIDE/Appli/Application/User/sensors/vd6g" -I"D:/STM32/STM32CubeIDE/Apollo/STM32CubeIDE/Appli/Application/User/Third_Party/unity/inc" -I"D:/STM32/STM32CubeIDE/Apollo/STM32CubeIDE/Appli/Application/User/Third_Party/debug_print/inc" -I"D:/STM32/STM32CubeIDE/Apollo/STM32CubeIDE/Appli/Application/User/Test/inc" -I"D:/STM32/STM32CubeIDE/Apollo/STM32CubeIDE/Appli/Application/User/STM32_ISP_Library/evision/Inc" -I"D:/STM32/STM32CubeIDE/Apollo/STM32CubeIDE/Appli/Application/User/STM32_ISP_Library/isp/Inc" -I"D:/STM32/STM32CubeIDE/Apollo/STM32CubeIDE/Appli/Application/User/STM32_ISP_Library/isp_param_conf" -I../../../DSP/Include -I"D:/STM32/STM32CubeIDE/Apollo/STM32CubeIDE/Appli/Application/User/vl53l9" -I"D:/STM32/STM32CubeIDE/Apollo/STM32CubeIDE/Appli/Application/User/app" -I"D:/STM32/STM32CubeIDE/Apollo/STM32CubeIDE/Appli/Application/User/interface/vl53l9" -I"D:/STM32/STM32CubeIDE/Apollo/STM32CubeIDE/Appli/Application/User/lib/media-object/media-c/header-lib/include/public" -I"D:/STM32/STM32CubeIDE/Apollo/STM32CubeIDE/Appli/Application/User/lib/media-object/transform-c/header-lib/include/public" -I"D:/STM32/STM32CubeIDE/Apollo/STM32CubeIDE/Appli/Application/User/lib/vl53l9-utils/include" -I"D:/STM32/STM32CubeIDE/Apollo/STM32CubeIDE/Appli/Application/User/lib/transform/vl53l9-transform-c/vl53l9-transform-c-lib/include/private" -I"D:/STM32/STM32CubeIDE/Apollo/STM32CubeIDE/Appli/Application/User/lib/transform/vl53l9-transform-c/vl53l9-transform-c-lib/include/public" -I"D:/STM32/STM32CubeIDE/Apollo/STM32CubeIDE/Appli/Application/User/BSP/inc" -O0 -ffunction-sections -fdata-sections -Wall -fstack-usage -fcyclomatic-complexity -mcmse -MMD -MP -MF"Application/User/Core/main.d" -MT"Application/User/Core/main.o" --specs=nano.specs -mfpu=fpv5-d16 -mfloat-abi=hard -mthumb -o "Application/User/Core/main.o"
In file included from ../../../Appli/Core/Inc/main.h:46,
                 from D:/STM32/STM32CubeIDE/Apollo/Appli/Core/Src/main.c:20:
D:/STM32/STM32CubeIDE/Apollo/STM32CubeIDE/Appli/Application/User/sensors/vd55g0/vd55g0.h:155:17: warning: "VD55G0_CMD_ACK" redefined
  155 |         #define VD55G0_CMD_ACK                                                  0x00
      |                 ^~~~~~~~~~~~~~
D:/STM32/STM32CubeIDE/Apollo/STM32CubeIDE/Appli/Application/User/sensors/vd55g0/vd55g0.h:150:17: note: this is the location of the previous definition
  150 |         #define VD55G0_CMD_ACK                              0
      |                 ^~~~~~~~~~~~~~
D:/STM32/STM32CubeIDE/Apollo/STM32CubeIDE/Appli/Application/User/sensors/vd55g0/vd55g0.h:162:17: warning: "VD55G0_CMD_ACK" redefined
  162 |         #define VD55G0_CMD_ACK                                                  0
      |                 ^~~~~~~~~~~~~~
D:/STM32/STM32CubeIDE/Apollo/STM32CubeIDE/Appli/Application/User/sensors/vd55g0/vd55g0.h:155:17: note: this is the location of the previous definition
  155 |         #define VD55G0_CMD_ACK                                                  0x00
      |                 ^~~~~~~~~~~~~~
D:/STM32/STM32CubeIDE/Apollo/STM32CubeIDE/Appli/Application/User/sensors/vd55g0/vd55g0.h:215:10: warning: "STREAM_STATICS_DARKCAL_CTRL" redefined
  215 | #define  STREAM_STATICS_DARKCAL_CTRL                                    0x032A
      |          ^~~~~~~~~~~~~~~~~~~~~~~~~~~
D:/STM32/STM32CubeIDE/Apollo/STM32CubeIDE/Appli/Application/User/sensors/vd55g0/vd55g0.h:205:9: note: this is the location of the previous definition
  205 | #define STREAM_STATICS_DARKCAL_CTRL                     0x032C
      |         ^~~~~~~~~~~~~~~~~~~~~~~~~~~
D:/STM32/STM32CubeIDE/Apollo/Appli/Core/Src/main.c: In function 'set_risaf_default_range':
D:/STM32/STM32CubeIDE/Apollo/Appli/Core/Src/main.c:76:13: error: storage class specified for parameter 'vl53l9_app'
   76 | extern void vl53l9_app(void);
      |             ^~~~~~~~~~
D:/STM32/STM32CubeIDE/Apollo/Appli/Core/Src/main.c:89:1: error: expected '=', ',', ';', 'asm' or '__attribute__' before '{' token
   89 | {
      | ^
D:/STM32/STM32CubeIDE/Apollo/Appli/Core/Src/main.c:206:1: error: expected '=', ',', ';', 'asm' or '__attribute__' before '{' token
  206 | {
      | ^
D:/STM32/STM32CubeIDE/Apollo/Appli/Core/Src/main.c:225:1: error: expected '=', ',', ';', 'asm' or '__attribute__' before '{' token
  225 | {
      | ^
D:/STM32/STM32CubeIDE/Apollo/Appli/Core/Src/main.c:281:3: error: expected '=', ',', ';', 'asm' or '__attribute__' before '{' token
  281 |   {
      |   ^
D:/STM32/STM32CubeIDE/Apollo/Appli/Core/Src/main.c:311:1: error: expected '=', ',', ';', 'asm' or '__attribute__' before '{' token
  311 | {
      | ^
D:/STM32/STM32CubeIDE/Apollo/Appli/Core/Src/main.c:72:13: error: old-style parameter declarations in prototyped function definition
   72 | static void set_risaf_default_range(RISAF_TypeDef *risaf,
      |             ^~~~~~~~~~~~~~~~~~~~~~~
D:/STM32/STM32CubeIDE/Apollo/Appli/Core/Src/main.c:337: error: expected '{' at end of input
D:/STM32/STM32CubeIDE/Apollo/Appli/Core/Src/main.c: At top level:
D:/STM32/STM32CubeIDE/Apollo/Appli/Core/Src/main.c:71:13: warning: 'SystemIsolation_Config' declared 'static' but never defined [-Wunused-function]
   71 | static void SystemIsolation_Config(void);
      |             ^~~~~~~~~~~~~~~~~~~~~~
D:/STM32/STM32CubeIDE/Apollo/Appli/Core/Src/main.c:72:13: warning: 'set_risaf_default_range' defined but not used [-Wunused-function]
   72 | static void set_risaf_default_range(RISAF_TypeDef *risaf,
      |             ^~~~~~~~~~~~~~~~~~~~~~~
make[1]: *** [Application/User/Core/subdir.mk:79: Application/User/Core/main.o] Error 1
make: *** [makefile:79: all] Error 2
"make -j8 all" terminated with exit code 2. Build might be incomplete.
02:12:49 **** Incremental Build of configuration Debug for project Apollo_Appli ****
make -j8 all 
arm-none-eabi-gcc "D:/STM32/STM32CubeIDE/Apollo/Appli/Core/Src/main.c" -mcpu=cortex-m55 -std=gnu11 -g3 -DDEBUG -DUSE_HAL_DRIVER -DSTM32N657xx -c -I../../../Appli/Core/Inc -I../../../Secure_nsclib -I../../../Drivers/STM32N6xx_HAL_Driver/Inc -I../../../Drivers/CMSIS/Device/ST/STM32N6xx/Include -I../../../Drivers/STM32N6xx_HAL_Driver/Inc/Legacy -I../../../Drivers/CMSIS/Include -I../../../Drivers/Apollo_Drivers/Semper_Flash_BSP/Inc -I../../../Drivers/Apollo_Drivers/Micron_Flash_BSP/inc -I"D:/STM32/STM32CubeIDE/Apollo/STM32CubeIDE/Appli/Application/User/sensors" -I"D:/STM32/STM32CubeIDE/Apollo/STM32CubeIDE/Appli/Application/User/sensors/imx335" -I"D:/STM32/STM32CubeIDE/Apollo/STM32CubeIDE/Appli/Application/User/sensors/vd55g0" -I"D:/STM32/STM32CubeIDE/Apollo/STM32CubeIDE/Appli/Application/User/sensors/vd55g1" -I"D:/STM32/STM32CubeIDE/Apollo/STM32CubeIDE/Appli/Application/User/sensors/vd6g" -I"D:/STM32/STM32CubeIDE/Apollo/STM32CubeIDE/Appli/Application/User/Third_Party/unity/inc" -I"D:/STM32/STM32CubeIDE/Apollo/STM32CubeIDE/Appli/Application/User/Third_Party/debug_print/inc" -I"D:/STM32/STM32CubeIDE/Apollo/STM32CubeIDE/Appli/Application/User/Test/inc" -I"D:/STM32/STM32CubeIDE/Apollo/STM32CubeIDE/Appli/Application/User/STM32_ISP_Library/evision/Inc" -I"D:/STM32/STM32CubeIDE/Apollo/STM32CubeIDE/Appli/Application/User/STM32_ISP_Library/isp/Inc" -I"D:/STM32/STM32CubeIDE/Apollo/STM32CubeIDE/Appli/Application/User/STM32_ISP_Library/isp_param_conf" -I../../../DSP/Include -I"D:/STM32/STM32CubeIDE/Apollo/STM32CubeIDE/Appli/Application/User/vl53l9" -I"D:/STM32/STM32CubeIDE/Apollo/STM32CubeIDE/Appli/Application/User/app" -I"D:/STM32/STM32CubeIDE/Apollo/STM32CubeIDE/Appli/Application/User/interface/vl53l9" -I"D:/STM32/STM32CubeIDE/Apollo/STM32CubeIDE/Appli/Application/User/lib/media-object/media-c/header-lib/include/public" -I"D:/STM32/STM32CubeIDE/Apollo/STM32CubeIDE/Appli/Application/User/lib/media-object/transform-c/header-lib/include/public" -I"D:/STM32/STM32CubeIDE/Apollo/STM32CubeIDE/Appli/Application/User/lib/vl53l9-utils/include" -I"D:/STM32/STM32CubeIDE/Apollo/STM32CubeIDE/Appli/Application/User/lib/transform/vl53l9-transform-c/vl53l9-transform-c-lib/include/private" -I"D:/STM32/STM32CubeIDE/Apollo/STM32CubeIDE/Appli/Application/User/lib/transform/vl53l9-transform-c/vl53l9-transform-c-lib/include/public" -I"D:/STM32/STM32CubeIDE/Apollo/STM32CubeIDE/Appli/Application/User/BSP/inc" -O0 -ffunction-sections -fdata-sections -Wall -fstack-usage -fcyclomatic-complexity -mcmse -MMD -MP -MF"Application/User/Core/main.d" -MT"Application/User/Core/main.o" --specs=nano.specs -mfpu=fpv5-d16 -mfloat-abi=hard -mthumb -o "Application/User/Core/main.o"
In file included from ../../../Appli/Core/Inc/main.h:46,
                 from D:/STM32/STM32CubeIDE/Apollo/Appli/Core/Src/main.c:20:
D:/STM32/STM32CubeIDE/Apollo/STM32CubeIDE/Appli/Application/User/sensors/vd55g0/vd55g0.h:155:17: warning: "VD55G0_CMD_ACK" redefined
  155 |         #define VD55G0_CMD_ACK                                                  0x00
      |                 ^~~~~~~~~~~~~~
D:/STM32/STM32CubeIDE/Apollo/STM32CubeIDE/Appli/Application/User/sensors/vd55g0/vd55g0.h:150:17: note: this is the location of the previous definition
  150 |         #define VD55G0_CMD_ACK                              0
      |                 ^~~~~~~~~~~~~~
D:/STM32/STM32CubeIDE/Apollo/STM32CubeIDE/Appli/Application/User/sensors/vd55g0/vd55g0.h:162:17: warning: "VD55G0_CMD_ACK" redefined
  162 |         #define VD55G0_CMD_ACK                                                  0
      |                 ^~~~~~~~~~~~~~
D:/STM32/STM32CubeIDE/Apollo/STM32CubeIDE/Appli/Application/User/sensors/vd55g0/vd55g0.h:155:17: note: this is the location of the previous definition
  155 |         #define VD55G0_CMD_ACK                                                  0x00
      |                 ^~~~~~~~~~~~~~
D:/STM32/STM32CubeIDE/Apollo/STM32CubeIDE/Appli/Application/User/sensors/vd55g0/vd55g0.h:215:10: warning: "STREAM_STATICS_DARKCAL_CTRL" redefined
  215 | #define  STREAM_STATICS_DARKCAL_CTRL                                    0x032A
      |          ^~~~~~~~~~~~~~~~~~~~~~~~~~~
D:/STM32/STM32CubeIDE/Apollo/STM32CubeIDE/Appli/Application/User/sensors/vd55g0/vd55g0.h:205:9: note: this is the location of the previous definition
  205 | #define STREAM_STATICS_DARKCAL_CTRL                     0x032C
      |         ^~~~~~~~~~~~~~~~~~~~~~~~~~~
D:/STM32/STM32CubeIDE/Apollo/Appli/Core/Src/main.c: In function 'main':
D:/STM32/STM32CubeIDE/Apollo/Appli/Core/Src/main.c:166:17: warning: unused variable 'a' [-Wunused-variable]
  166 |         uint8_t a = 0;
      |                 ^
D:/STM32/STM32CubeIDE/Apollo/Appli/Core/Src/main.c:161:13: warning: variable 'ret' set but not used [-Wunused-but-set-variable]
  161 |     uint8_t ret = 0;
      |             ^~~
D:/STM32/STM32CubeIDE/Apollo/Appli/Core/Src/main.c:144:14: warning: unused variable 'buffer_ptr' [-Wunused-variable]
  144 |     uint8_t *buffer_ptr = frame_buf;
      |              ^~~~~~~~~~
D:/STM32/STM32CubeIDE/Apollo/Appli/Core/Src/main.c: In function 'set_risaf_default_range':
D:/STM32/STM32CubeIDE/Apollo/Appli/Core/Src/main.c:293:11: error: void value not ignored as it ought to be
  293 |       if (HAL_RIF_RISAF_ConfigBaseRegion(risaf, 0, &risaf_conf) != HAL_OK)
      |           ^~~~~~~~~~~~~~~~~~~~~~~~~~~~~~~~~~~~~~~~~~~~~~~~~~~~~
D:/STM32/STM32CubeIDE/Apollo/Appli/Core/Src/main.c:299:11: error: void value not ignored as it ought to be
  299 |       if (HAL_RIF_RISAF_ConfigBaseRegion(risaf, 1, &risaf_conf) != HAL_OK)
      |           ^~~~~~~~~~~~~~~~~~~~~~~~~~~~~~~~~~~~~~~~~~~~~~~~~~~~~
make[1]: *** [Application/User/Core/subdir.mk:79: Application/User/Core/main.o] Error 1
make: *** [makefile:79: all] Error 2
"make -j8 all" terminated with exit code 2. Build might be incomplete.
02:15:12 **** Incremental Build of configuration Debug for project Apollo_Appli ****
make -j8 all 
arm-none-eabi-gcc "D:/STM32/STM32CubeIDE/Apollo/Appli/Core/Src/main.c" -mcpu=cortex-m55 -std=gnu11 -g3 -DDEBUG -DUSE_HAL_DRIVER -DSTM32N657xx -c -I../../../Appli/Core/Inc -I../../../Secure_nsclib -I../../../Drivers/STM32N6xx_HAL_Driver/Inc -I../../../Drivers/CMSIS/Device/ST/STM32N6xx/Include -I../../../Drivers/STM32N6xx_HAL_Driver/Inc/Legacy -I../../../Drivers/CMSIS/Include -I../../../Drivers/Apollo_Drivers/Semper_Flash_BSP/Inc -I../../../Drivers/Apollo_Drivers/Micron_Flash_BSP/inc -I"D:/STM32/STM32CubeIDE/Apollo/STM32CubeIDE/Appli/Application/User/sensors" -I"D:/STM32/STM32CubeIDE/Apollo/STM32CubeIDE/Appli/Application/User/sensors/imx335" -I"D:/STM32/STM32CubeIDE/Apollo/STM32CubeIDE/Appli/Application/User/sensors/vd55g0" -I"D:/STM32/STM32CubeIDE/Apollo/STM32CubeIDE/Appli/Application/User/sensors/vd55g1" -I"D:/STM32/STM32CubeIDE/Apollo/STM32CubeIDE/Appli/Application/User/sensors/vd6g" -I"D:/STM32/STM32CubeIDE/Apollo/STM32CubeIDE/Appli/Application/User/Third_Party/unity/inc" -I"D:/STM32/STM32CubeIDE/Apollo/STM32CubeIDE/Appli/Application/User/Third_Party/debug_print/inc" -I"D:/STM32/STM32CubeIDE/Apollo/STM32CubeIDE/Appli/Application/User/Test/inc" -I"D:/STM32/STM32CubeIDE/Apollo/STM32CubeIDE/Appli/Application/User/STM32_ISP_Library/evision/Inc" -I"D:/STM32/STM32CubeIDE/Apollo/STM32CubeIDE/Appli/Application/User/STM32_ISP_Library/isp/Inc" -I"D:/STM32/STM32CubeIDE/Apollo/STM32CubeIDE/Appli/Application/User/STM32_ISP_Library/isp_param_conf" -I../../../DSP/Include -I"D:/STM32/STM32CubeIDE/Apollo/STM32CubeIDE/Appli/Application/User/vl53l9" -I"D:/STM32/STM32CubeIDE/Apollo/STM32CubeIDE/Appli/Application/User/app" -I"D:/STM32/STM32CubeIDE/Apollo/STM32CubeIDE/Appli/Application/User/interface/vl53l9" -I"D:/STM32/STM32CubeIDE/Apollo/STM32CubeIDE/Appli/Application/User/lib/media-object/media-c/header-lib/include/public" -I"D:/STM32/STM32CubeIDE/Apollo/STM32CubeIDE/Appli/Application/User/lib/media-object/transform-c/header-lib/include/public" -I"D:/STM32/STM32CubeIDE/Apollo/STM32CubeIDE/Appli/Application/User/lib/vl53l9-utils/include" -I"D:/STM32/STM32CubeIDE/Apollo/STM32CubeIDE/Appli/Application/User/lib/transform/vl53l9-transform-c/vl53l9-transform-c-lib/include/private" -I"D:/STM32/STM32CubeIDE/Apollo/STM32CubeIDE/Appli/Application/User/lib/transform/vl53l9-transform-c/vl53l9-transform-c-lib/include/public" -I"D:/STM32/STM32CubeIDE/Apollo/STM32CubeIDE/Appli/Application/User/BSP/inc" -O0 -ffunction-sections -fdata-sections -Wall -fstack-usage -fcyclomatic-complexity -mcmse -MMD -MP -MF"Application/User/Core/main.d" -MT"Application/User/Core/main.o" --specs=nano.specs -mfpu=fpv5-d16 -mfloat-abi=hard -mthumb -o "Application/User/Core/main.o"
In file included from ../../../Appli/Core/Inc/main.h:46,
                 from D:/STM32/STM32CubeIDE/Apollo/Appli/Core/Src/main.c:20:
D:/STM32/STM32CubeIDE/Apollo/STM32CubeIDE/Appli/Application/User/sensors/vd55g0/vd55g0.h:155:17: warning: "VD55G0_CMD_ACK" redefined
  155 |         #define VD55G0_CMD_ACK                                                  0x00
      |                 ^~~~~~~~~~~~~~
D:/STM32/STM32CubeIDE/Apollo/STM32CubeIDE/Appli/Application/User/sensors/vd55g0/vd55g0.h:150:17: note: this is the location of the previous definition
  150 |         #define VD55G0_CMD_ACK                              0
      |                 ^~~~~~~~~~~~~~
D:/STM32/STM32CubeIDE/Apollo/STM32CubeIDE/Appli/Application/User/sensors/vd55g0/vd55g0.h:162:17: warning: "VD55G0_CMD_ACK" redefined
  162 |         #define VD55G0_CMD_ACK                                                  0
      |                 ^~~~~~~~~~~~~~
D:/STM32/STM32CubeIDE/Apollo/STM32CubeIDE/Appli/Application/User/sensors/vd55g0/vd55g0.h:155:17: note: this is the location of the previous definition
  155 |         #define VD55G0_CMD_ACK                                                  0x00
      |                 ^~~~~~~~~~~~~~
D:/STM32/STM32CubeIDE/Apollo/STM32CubeIDE/Appli/Application/User/sensors/vd55g0/vd55g0.h:215:10: warning: "STREAM_STATICS_DARKCAL_CTRL" redefined
  215 | #define  STREAM_STATICS_DARKCAL_CTRL                                    0x032A
      |          ^~~~~~~~~~~~~~~~~~~~~~~~~~~
D:/STM32/STM32CubeIDE/Apollo/STM32CubeIDE/Appli/Application/User/sensors/vd55g0/vd55g0.h:205:9: note: this is the location of the previous definition
  205 | #define STREAM_STATICS_DARKCAL_CTRL                     0x032C
      |         ^~~~~~~~~~~~~~~~~~~~~~~~~~~
D:/STM32/STM32CubeIDE/Apollo/Appli/Core/Src/main.c: In function 'main':
D:/STM32/STM32CubeIDE/Apollo/Appli/Core/Src/main.c:166:17: warning: unused variable 'a' [-Wunused-variable]
  166 |         uint8_t a = 0;
      |                 ^
D:/STM32/STM32CubeIDE/Apollo/Appli/Core/Src/main.c:161:13: warning: variable 'ret' set but not used [-Wunused-but-set-variable]
  161 |     uint8_t ret = 0;
      |             ^~~
D:/STM32/STM32CubeIDE/Apollo/Appli/Core/Src/main.c:144:14: warning: unused variable 'buffer_ptr' [-Wunused-variable]
  144 |     uint8_t *buffer_ptr = frame_buf;
      |              ^~~~~~~~~~
arm-none-eabi-gcc -o "Apollo_Appli.elf" @"objects.list"  -l:libn6-evision-awb_gcc.a -l:libn6-evision-st-ae_gcc.a -mcpu=cortex-m55 -T"D:\STM32\STM32CubeIDE\Apollo\STM32CubeIDE\Appli\STM32N657B0HXQ_LRUN.ld" --specs=nosys.specs -Wl,-Map="Apollo_Appli.map" -Wl,--gc-sections -static -Wl,--cmse-implib -Wl,--out-implib=./secure_nsclib.o -L"D:\STM32\STM32CubeIDE\Apollo\STM32CubeIDE\Appli\Application\User\STM32_ISP_Library\evision\Lib" --specs=nano.specs -mfpu=fpv5-d16 -mfloat-abi=hard -mthumb -Wl,--start-group -lc -lm -Wl,--end-group
D:/ST/STM32CubeIDE_2.1.1/STM32CubeIDE/plugins/com.st.stm32cube.ide.mcu.externaltools.gnu-tools-for-stm32.14.3.rel1.win32_1.0.100.202602081740/tools/bin/../lib/gcc/arm-none-eabi/14.3.1/../../../../arm-none-eabi/bin/ld.exe: warning: Apollo_Appli.elf has a LOAD segment with RWX permissions
Finished building target: Apollo_Appli.elf
 
arm-none-eabi-size  Apollo_Appli.elf 
arm-none-eabi-objdump -h -S Apollo_Appli.elf  > "Apollo_Appli.list"
arm-none-eabi-objcopy  -O binary Apollo_Appli.elf  "Apollo_Appli.bin"
   text	   data	    bss	    dec	    hex	filename
 125788	    200	 642432	 768420	  bb9a4	Apollo_Appli.elf
Finished building: default.size.stdout
 
Finished building: Apollo_Appli.bin
 
Finished building: Apollo_Appli.list
 
cd "D:/STM32/STM32CubeIDE/Apollo/STM32CubeIDE/Appli/Debug"
echo y | "E:\STM32CUBEPROGRAMMER\bin\STM32_SigningTool_CLI.exe" -bin "Apollo_Appli.bin" -nk -of 0x80000000 -t fsbl -o "Apollo_Appli-Trusted.bin" -hv 2.3 -dump "Apollo_Appli-Trusted.bin" -align
      -------------------------------------------------------------------
                          STM32 Signing Tool v2.22.0                   
      -------------------------------------------------------------------

Do you want to replace this file: Apollo_Appli-Trusted.bin ? (y/n)
[Header v2.3] Align the payload to the 0x400 offset by adding padding bytes at the beginning of the payload.
Adding head padding bytes for payload with header v2.3
Header version 2.3 preparation... 
Extracting Entry point value from the input file...
Entry point value : 0x34003015
The headred image file generated successfully: Apollo_Appli-Trusted.bin

Header description:

    Magic: 0x53544d32
    Signature: 00 00 00 00 00 00 00 00 00 00 00 00 00 00 00 00 00 00 00 00 00 00 00 00 00 00 00 00 00 00 00 00 
               00 00 00 00 00 00 00 00 00 00 00 00 00 00 00 00 00 00 00 00 00 00 00 00 00 00 00 00 00 00 00 00 
               00 00 00 00 00 00 00 00 00 00 00 00 00 00 00 00 00 00 00 00 00 00 00 00 00 00 00 00 00 00 00 00 
    Checksum: 0xcf770a
    Header version: 0x20300
    Size: 0x1ee00
    Load address: 0xffffffff
    Entry point: 0x34003015
    Image version: 0x0
    Extension: 0x80000000

Pad header detected:
    Type: 0x5354ffff
    Size: 0x1a0
    Padding values: a7 0f 87 ec 4d 9e 80 55 70 86 20 a1 10 ba c8 93 04 87 84 68 48 c8 8e e4 6e 1e 88 83 5f 10 ab 

                    d7 3e 53 52 5d ca 7f 6e 55 c6 8f 0c 21 2b 2e 15 a9 9a 00 91 f1 37 d1 c2 06 45 f9 8e 7c 44 be 

                    ff e6 74 de 4f 7b e6 30 fe d5 70 4e 08 df 5a 7a 84 84 f6 df 15 db 67 cb 07 1e 1a 81 39 e1 79 

                    d6 73 d5 bd b4 4f 58 36 8c 6d 21 a0 60 4e 18 5c a4 7e 1b 7c 46 f4 c9 7e 9e 95 13 f0 cf 0f f2 

                    de cf 6a 05 02 c0 fb ab bc 05 48 f5 5f 70 79 9c 00 a1 47 23 13 a0 07 ec c9 b9 4c bd e7 be e6 

                    4c e8 c4 2f 95 0f 70 33 e4 d5 a8 da ba ac 4f da ab 48 3a 43 da e0 91 94 c2 13 03 58 6b 68 ef 

                    03 f7 77 4f f4 37 5c b2 8f 02 eb b9 60 15 f5 37 68 4b 74 c1 7f 17 54 9d a9 b7 f2 6f 13 38 6d 

                    3e b4 1a f5 79 ee af a0 71 c1 ba ab 6d 9d 44 43 1c bc 03 f7 f7 a8 69 6b a5 56 2a e1 88 06 c6 

                    57 06 d7 6f c5 07 65 15 39 f9 c5 af ce a0 2e 34 8b 51 7b 68 74 44 63 b9 c6 65 9d dc f0 4f 63 

                    c0 0d c8 0d 9c db 05 18 94 18 c5 34 da 92 a6 1a 3b a8 38 14 bb a7 a7 92 97 13 4f 37 56 40 94 

                    8d a4 f5 97 2d 06 3b 4e 8c 70 aa 39 85 48 4f 46 5d bd 0e c7 9e cf c3 6c 1c 8f 66 1b 65 14 3c 

                    ba 71 b9 52 f0 2e fd 48 e0 39 86 0c 8b 54 f9 79 cb 4e 06 b1 29 92 97 0a da 82 d2 23 b6 b1 00 

                    12 b1 1f 4f 73 f8 3e 9e 

Post header 2.3 information :
    Binary type: 0x10
    Non authenticated payload length: 0x0
    Non authenticated payload hash: 0x0


 
